
code.elf:     file format elf32-avr


Disassembly of section .text:

00000000 <__vectors>:
       0:	0c 94 24 01 	jmp	0x248	; 0x248 <__ctors_end>
       4:	0c 94 43 01 	jmp	0x286	; 0x286 <__vector_1>
       8:	0c 94 41 01 	jmp	0x282	; 0x282 <__bad_interrupt>
       c:	0c 94 41 01 	jmp	0x282	; 0x282 <__bad_interrupt>
      10:	0c 94 41 01 	jmp	0x282	; 0x282 <__bad_interrupt>
      14:	0c 94 41 01 	jmp	0x282	; 0x282 <__bad_interrupt>
      18:	0c 94 41 01 	jmp	0x282	; 0x282 <__bad_interrupt>
      1c:	0c 94 41 01 	jmp	0x282	; 0x282 <__bad_interrupt>
      20:	0c 94 41 01 	jmp	0x282	; 0x282 <__bad_interrupt>
      24:	0c 94 41 01 	jmp	0x282	; 0x282 <__bad_interrupt>
      28:	0c 94 41 01 	jmp	0x282	; 0x282 <__bad_interrupt>
      2c:	0c 94 41 01 	jmp	0x282	; 0x282 <__bad_interrupt>
      30:	0c 94 41 01 	jmp	0x282	; 0x282 <__bad_interrupt>
      34:	0c 94 41 01 	jmp	0x282	; 0x282 <__bad_interrupt>
      38:	0c 94 41 01 	jmp	0x282	; 0x282 <__bad_interrupt>
      3c:	0c 94 41 01 	jmp	0x282	; 0x282 <__bad_interrupt>
      40:	0c 94 41 01 	jmp	0x282	; 0x282 <__bad_interrupt>
      44:	0c 94 41 01 	jmp	0x282	; 0x282 <__bad_interrupt>
      48:	0c 94 41 01 	jmp	0x282	; 0x282 <__bad_interrupt>
      4c:	0c 94 41 01 	jmp	0x282	; 0x282 <__bad_interrupt>
      50:	0c 94 41 01 	jmp	0x282	; 0x282 <__bad_interrupt>
      54:	0c 94 41 01 	jmp	0x282	; 0x282 <__bad_interrupt>
      58:	0c 94 41 01 	jmp	0x282	; 0x282 <__bad_interrupt>
      5c:	0c 94 41 01 	jmp	0x282	; 0x282 <__bad_interrupt>
      60:	0c 94 41 01 	jmp	0x282	; 0x282 <__bad_interrupt>
      64:	0c 94 41 01 	jmp	0x282	; 0x282 <__bad_interrupt>

00000068 <CHARSET>:
      68:	00 00 00 00 00 00 00 5f 00 00 00 07 00 07 00 14     ......._........
      78:	7f 14 7f 14 24 2a 7f 2a 12 23 13 08 64 62 36 49     ....$*.*.#..db6I
      88:	55 22 50 00 05 03 00 00 00 1c 22 41 00 00 41 22     U"P......."A..A"
      98:	1c 00 14 08 3e 08 14 08 08 3e 08 08 00 50 30 00     ....>....>...P0.
      a8:	00 08 08 08 08 08 00 60 60 00 00 20 10 08 04 02     .......``.. ....
      b8:	3e 51 49 45 3e 00 42 7f 40 00 42 61 51 49 46 21     >QIE>.B.@.BaQIF!
      c8:	41 45 4b 31 18 14 12 7f 10 27 45 45 45 39 3c 4a     AEK1.....'EEE9<J
      d8:	49 49 30 01 71 09 05 03 36 49 49 49 36 06 49 49     II0.q...6III6.II
      e8:	29 1e 00 36 36 00 00 00 56 36 00 00 08 14 22 41     )..66...V6...."A
      f8:	00 14 14 14 14 14 00 41 22 14 08 02 01 51 09 06     .......A"....Q..
     108:	32 49 79 41 3e 7e 11 11 11 7e 7f 49 49 49 36 3e     2IyA>~...~.III6>
     118:	41 41 41 22 7f 41 41 22 1c 7f 49 49 49 41 7f 09     AAA".AA"..IIIA..
     128:	09 09 01 3e 41 49 49 7a 7f 08 08 08 7f 00 41 7f     ...>AIIz......A.
     138:	41 00 20 40 41 3f 01 7f 08 14 22 41 7f 40 40 40     A. @A?...."A.@@@
     148:	40 7f 02 0c 02 7f 7f 04 08 10 7f 3e 41 41 41 3e     @..........>AAA>
     158:	7f 09 09 09 06 3e 41 51 21 5e 7f 09 19 29 46 46     .....>AQ!^...)FF
     168:	49 49 49 31 01 01 7f 01 01 3f 40 40 40 3f 1f 20     III1.....?@@@?. 
     178:	40 20 1f 3f 40 38 40 3f 63 14 08 14 63 07 08 70     @ .?@8@?c...c..p
     188:	08 07 61 51 49 45 43 00 7f 41 41 00 02 04 08 10     ..aQIEC..AA.....
     198:	20 00 41 41 7f 00 04 02 01 02 04 40 40 40 40 40      .AA.......@@@@@
     1a8:	00 01 02 04 00 20 54 54 54 78 7f 48 44 44 38 38     ..... TTTx.HDD88
     1b8:	44 44 44 20 38 44 44 48 7f 38 54 54 54 18 08 7e     DDD 8DDH.8TTT..~
     1c8:	09 01 02 0c 52 52 52 3e 7f 08 04 04 78 00 44 7d     ....RRR>....x.D}
     1d8:	40 00 20 40 44 3d 00 7f 10 28 44 00 00 41 7f 40     @. @D=...(D..A.@
     1e8:	00 7c 04 18 04 78 7c 08 04 04 78 38 44 44 44 38     .|...x|...x8DDD8
     1f8:	7c 14 14 14 08 08 14 14 18 7c 7c 08 04 04 08 48     |........||....H
     208:	54 54 54 20 04 3f 44 40 20 3c 40 40 20 7c 1c 20     TTT .?D@ <@@ |. 
     218:	40 20 1c 3c 40 30 40 3c 44 28 10 28 44 0c 50 50     @ .<@0@<D(.(D.PP
     228:	50 3c 44 64 54 4c 44 00 08 36 41 00 00 00 7f 00     P<DdTLD..6A.....
     238:	00 00 41 36 08 00 10 08 08 10 08 00 00 00 00 00     ..A6............

00000248 <__ctors_end>:
     248:	11 24       	eor	r1, r1
     24a:	1f be       	out	0x3f, r1	; 63
     24c:	cf ef       	ldi	r28, 0xFF	; 255
     24e:	d8 e0       	ldi	r29, 0x08	; 8
     250:	de bf       	out	0x3e, r29	; 62
     252:	cd bf       	out	0x3d, r28	; 61

00000254 <__do_copy_data>:
     254:	11 e0       	ldi	r17, 0x01	; 1
     256:	a0 e0       	ldi	r26, 0x00	; 0
     258:	b1 e0       	ldi	r27, 0x01	; 1
     25a:	e2 e1       	ldi	r30, 0x12	; 18
     25c:	f4 e1       	ldi	r31, 0x14	; 20
     25e:	02 c0       	rjmp	.+4      	; 0x264 <__do_copy_data+0x10>
     260:	05 90       	lpm	r0, Z+
     262:	0d 92       	st	X+, r0
     264:	a0 34       	cpi	r26, 0x40	; 64
     266:	b1 07       	cpc	r27, r17
     268:	d9 f7       	brne	.-10     	; 0x260 <__do_copy_data+0xc>

0000026a <__do_clear_bss>:
     26a:	23 e0       	ldi	r18, 0x03	; 3
     26c:	a0 e4       	ldi	r26, 0x40	; 64
     26e:	b1 e0       	ldi	r27, 0x01	; 1
     270:	01 c0       	rjmp	.+2      	; 0x274 <.do_clear_bss_start>

00000272 <.do_clear_bss_loop>:
     272:	1d 92       	st	X+, r1

00000274 <.do_clear_bss_start>:
     274:	a2 38       	cpi	r26, 0x82	; 130
     276:	b2 07       	cpc	r27, r18
     278:	e1 f7       	brne	.-8      	; 0x272 <.do_clear_bss_loop>
     27a:	0e 94 be 04 	call	0x97c	; 0x97c <main>
     27e:	0c 94 07 0a 	jmp	0x140e	; 0x140e <_exit>

00000282 <__bad_interrupt>:
     282:	0c 94 00 00 	jmp	0	; 0x0 <__vectors>

00000286 <__vector_1>:
     286:	1f 92       	push	r1
     288:	0f 92       	push	r0
     28a:	0f b6       	in	r0, 0x3f	; 63
     28c:	0f 92       	push	r0
     28e:	11 24       	eor	r1, r1
     290:	8f 93       	push	r24
     292:	4a 99       	sbic	0x09, 2	; 9
     294:	03 c0       	rjmp	.+6      	; 0x29c <__vector_1+0x16>
     296:	81 e0       	ldi	r24, 0x01	; 1
     298:	80 93 42 01 	sts	0x0142, r24	; 0x800142 <pressed>
     29c:	8f 91       	pop	r24
     29e:	0f 90       	pop	r0
     2a0:	0f be       	out	0x3f, r0	; 63
     2a2:	0f 90       	pop	r0
     2a4:	1f 90       	pop	r1
     2a6:	18 95       	reti

000002a8 <startMenu>:
     2a8:	60 e0       	ldi	r22, 0x00	; 0
     2aa:	8d e1       	ldi	r24, 0x1D	; 29
     2ac:	0e 94 4b 03 	call	0x696	; 0x696 <nokia_lcd_set_cursor>
     2b0:	61 e0       	ldi	r22, 0x01	; 1
     2b2:	8b e0       	ldi	r24, 0x0B	; 11
     2b4:	91 e0       	ldi	r25, 0x01	; 1
     2b6:	0e 94 3b 03 	call	0x676	; 0x676 <nokia_lcd_write_string>
     2ba:	61 e1       	ldi	r22, 0x11	; 17
     2bc:	8a e0       	ldi	r24, 0x0A	; 10
     2be:	0e 94 4b 03 	call	0x696	; 0x696 <nokia_lcd_set_cursor>
     2c2:	61 e0       	ldi	r22, 0x01	; 1
     2c4:	80 e1       	ldi	r24, 0x10	; 16
     2c6:	91 e0       	ldi	r25, 0x01	; 1
     2c8:	0e 94 3b 03 	call	0x676	; 0x676 <nokia_lcd_write_string>
     2cc:	62 e2       	ldi	r22, 0x22	; 34
     2ce:	8a e0       	ldi	r24, 0x0A	; 10
     2d0:	0e 94 4b 03 	call	0x696	; 0x696 <nokia_lcd_set_cursor>
     2d4:	61 e0       	ldi	r22, 0x01	; 1
     2d6:	8c e1       	ldi	r24, 0x1C	; 28
     2d8:	91 e0       	ldi	r25, 0x01	; 1
     2da:	0e 94 3b 03 	call	0x676	; 0x676 <nokia_lcd_write_string>
     2de:	0c 94 50 03 	jmp	0x6a0	; 0x6a0 <nokia_lcd_render>

000002e2 <drawElements>:
     2e2:	0f 93       	push	r16
     2e4:	1f 93       	push	r17
     2e6:	cf 93       	push	r28
     2e8:	df 93       	push	r29
     2ea:	cd b7       	in	r28, 0x3d	; 61
     2ec:	de b7       	in	r29, 0x3e	; 62
     2ee:	2d 97       	sbiw	r28, 0x0d	; 13
     2f0:	0f b6       	in	r0, 0x3f	; 63
     2f2:	f8 94       	cli
     2f4:	de bf       	out	0x3e, r29	; 62
     2f6:	0f be       	out	0x3f, r0	; 63
     2f8:	cd bf       	out	0x3d, r28	; 61
     2fa:	0e 94 56 02 	call	0x4ac	; 0x4ac <nokia_lcd_clear>
     2fe:	20 91 08 01 	lds	r18, 0x0108	; 0x800108 <floor_y2>
     302:	40 91 09 01 	lds	r20, 0x0109	; 0x800109 <floor_x2>
     306:	60 91 0a 01 	lds	r22, 0x010A	; 0x80010a <floor_y1>
     30a:	80 91 45 01 	lds	r24, 0x0145	; 0x800145 <floor_x1>
     30e:	0e 94 65 03 	call	0x6ca	; 0x6ca <nokia_lcd_drawline>
     312:	20 91 04 01 	lds	r18, 0x0104	; 0x800104 <player_bb>
     316:	40 91 05 01 	lds	r20, 0x0105	; 0x800105 <player_rb>
     31a:	60 91 06 01 	lds	r22, 0x0106	; 0x800106 <player_tb>
     31e:	80 91 07 01 	lds	r24, 0x0107	; 0x800107 <player_lb>
     322:	0e 94 29 04 	call	0x852	; 0x852 <nokia_lcd_drawrect>
     326:	20 91 00 01 	lds	r18, 0x0100	; 0x800100 <__DATA_REGION_ORIGIN__>
     32a:	40 91 01 01 	lds	r20, 0x0101	; 0x800101 <enemy_rb>
     32e:	60 91 02 01 	lds	r22, 0x0102	; 0x800102 <enemy_tb>
     332:	80 91 03 01 	lds	r24, 0x0103	; 0x800103 <enemy_lb>
     336:	0e 94 29 04 	call	0x852	; 0x852 <nokia_lcd_drawrect>
     33a:	80 91 44 01 	lds	r24, 0x0144	; 0x800144 <points>
     33e:	1f 92       	push	r1
     340:	8f 93       	push	r24
     342:	87 e2       	ldi	r24, 0x27	; 39
     344:	91 e0       	ldi	r25, 0x01	; 1
     346:	9f 93       	push	r25
     348:	8f 93       	push	r24
     34a:	8e 01       	movw	r16, r28
     34c:	0f 5f       	subi	r16, 0xFF	; 255
     34e:	1f 4f       	sbci	r17, 0xFF	; 255
     350:	1f 93       	push	r17
     352:	0f 93       	push	r16
     354:	0e 94 1d 07 	call	0xe3a	; 0xe3a <sprintf>
     358:	61 e0       	ldi	r22, 0x01	; 1
     35a:	c8 01       	movw	r24, r16
     35c:	0e 94 3b 03 	call	0x676	; 0x676 <nokia_lcd_write_string>
     360:	0e 94 50 03 	call	0x6a0	; 0x6a0 <nokia_lcd_render>
     364:	0f 90       	pop	r0
     366:	0f 90       	pop	r0
     368:	0f 90       	pop	r0
     36a:	0f 90       	pop	r0
     36c:	0f 90       	pop	r0
     36e:	0f 90       	pop	r0
     370:	2d 96       	adiw	r28, 0x0d	; 13
     372:	0f b6       	in	r0, 0x3f	; 63
     374:	f8 94       	cli
     376:	de bf       	out	0x3e, r29	; 62
     378:	0f be       	out	0x3f, r0	; 63
     37a:	cd bf       	out	0x3d, r28	; 61
     37c:	df 91       	pop	r29
     37e:	cf 91       	pop	r28
     380:	1f 91       	pop	r17
     382:	0f 91       	pop	r16
     384:	08 95       	ret

00000386 <resetEnemy>:
     386:	90 91 03 01 	lds	r25, 0x0103	; 0x800103 <enemy_lb>
     38a:	91 50       	subi	r25, 0x01	; 1
     38c:	90 93 03 01 	sts	0x0103, r25	; 0x800103 <enemy_lb>
     390:	80 91 01 01 	lds	r24, 0x0101	; 0x800101 <enemy_rb>
     394:	81 50       	subi	r24, 0x01	; 1
     396:	80 93 01 01 	sts	0x0101, r24	; 0x800101 <enemy_rb>
     39a:	99 23       	and	r25, r25
     39c:	11 f0       	breq	.+4      	; 0x3a2 <resetEnemy+0x1c>
     39e:	81 11       	cpse	r24, r1
     3a0:	0b c0       	rjmp	.+22     	; 0x3b8 <resetEnemy+0x32>
     3a2:	80 e5       	ldi	r24, 0x50	; 80
     3a4:	80 93 03 01 	sts	0x0103, r24	; 0x800103 <enemy_lb>
     3a8:	8c e4       	ldi	r24, 0x4C	; 76
     3aa:	80 93 01 01 	sts	0x0101, r24	; 0x800101 <enemy_rb>
     3ae:	80 91 44 01 	lds	r24, 0x0144	; 0x800144 <points>
     3b2:	8f 5f       	subi	r24, 0xFF	; 255
     3b4:	80 93 44 01 	sts	0x0144, r24	; 0x800144 <points>
     3b8:	08 95       	ret

000003ba <scan_keypad>:
     3ba:	cf 93       	push	r28
     3bc:	df 93       	push	r29
     3be:	00 d0       	rcall	.+0      	; 0x3c0 <scan_keypad+0x6>
     3c0:	cd b7       	in	r28, 0x3d	; 61
     3c2:	de b7       	in	r29, 0x3e	; 62
     3c4:	5e 9a       	sbi	0x0b, 6	; 11
     3c6:	4d 9b       	sbis	0x09, 5	; 9
     3c8:	06 c0       	rjmp	.+12     	; 0x3d6 <scan_keypad+0x1c>
     3ca:	8f e1       	ldi	r24, 0x1F	; 31
     3cc:	9e e4       	ldi	r25, 0x4E	; 78
     3ce:	01 97       	sbiw	r24, 0x01	; 1
     3d0:	f1 f7       	brne	.-4      	; 0x3ce <scan_keypad+0x14>
     3d2:	00 c0       	rjmp	.+0      	; 0x3d4 <scan_keypad+0x1a>
     3d4:	00 00       	nop
     3d6:	8b b1       	in	r24, 0x0b	; 11
     3d8:	8f 73       	andi	r24, 0x3F	; 63
     3da:	8b b9       	out	0x0b, r24	; 11
     3dc:	8d 85       	ldd	r24, Y+13	; 0x0d
     3de:	0f 90       	pop	r0
     3e0:	0f 90       	pop	r0
     3e2:	df 91       	pop	r29
     3e4:	cf 91       	pop	r28
     3e6:	08 95       	ret

000003e8 <write>:
     3e8:	29 98       	cbi	0x05, 1	; 5
     3ea:	66 23       	and	r22, r22
     3ec:	11 f0       	breq	.+4      	; 0x3f2 <write+0xa>
     3ee:	2b 9a       	sbi	0x05, 3	; 5
     3f0:	01 c0       	rjmp	.+2      	; 0x3f4 <write+0xc>
     3f2:	2b 98       	cbi	0x05, 3	; 5
     3f4:	27 e0       	ldi	r18, 0x07	; 7
     3f6:	30 e0       	ldi	r19, 0x00	; 0
     3f8:	90 e0       	ldi	r25, 0x00	; 0
     3fa:	ac 01       	movw	r20, r24
     3fc:	02 2e       	mov	r0, r18
     3fe:	02 c0       	rjmp	.+4      	; 0x404 <__EEPROM_REGION_LENGTH__+0x4>
     400:	55 95       	asr	r21
     402:	47 95       	ror	r20
     404:	0a 94       	dec	r0
     406:	e2 f7       	brpl	.-8      	; 0x400 <__EEPROM_REGION_LENGTH__>
     408:	40 ff       	sbrs	r20, 0
     40a:	02 c0       	rjmp	.+4      	; 0x410 <__EEPROM_REGION_LENGTH__+0x10>
     40c:	2c 9a       	sbi	0x05, 4	; 5
     40e:	01 c0       	rjmp	.+2      	; 0x412 <__EEPROM_REGION_LENGTH__+0x12>
     410:	2c 98       	cbi	0x05, 4	; 5
     412:	2d 9a       	sbi	0x05, 5	; 5
     414:	2d 98       	cbi	0x05, 5	; 5
     416:	21 50       	subi	r18, 0x01	; 1
     418:	31 09       	sbc	r19, r1
     41a:	78 f7       	brcc	.-34     	; 0x3fa <write+0x12>
     41c:	29 9a       	sbi	0x05, 1	; 5
     41e:	08 95       	ret

00000420 <write_cmd>:
     420:	60 e0       	ldi	r22, 0x00	; 0
     422:	0c 94 f4 01 	jmp	0x3e8	; 0x3e8 <write>

00000426 <nokia_lcd_init>:
     426:	cf 93       	push	r28
     428:	df 93       	push	r29
     42a:	21 9a       	sbi	0x04, 1	; 4
     42c:	22 9a       	sbi	0x04, 2	; 4
     42e:	23 9a       	sbi	0x04, 3	; 4
     430:	24 9a       	sbi	0x04, 4	; 4
     432:	25 9a       	sbi	0x04, 5	; 4
     434:	2a 9a       	sbi	0x05, 2	; 5
     436:	29 9a       	sbi	0x05, 1	; 5
     438:	8f e3       	ldi	r24, 0x3F	; 63
     43a:	9c e9       	ldi	r25, 0x9C	; 156
     43c:	01 97       	sbiw	r24, 0x01	; 1
     43e:	f1 f7       	brne	.-4      	; 0x43c <nokia_lcd_init+0x16>
     440:	00 c0       	rjmp	.+0      	; 0x442 <nokia_lcd_init+0x1c>
     442:	00 00       	nop
     444:	2a 98       	cbi	0x05, 2	; 5
     446:	9f ef       	ldi	r25, 0xFF	; 255
     448:	2a e6       	ldi	r18, 0x6A	; 106
     44a:	83 e0       	ldi	r24, 0x03	; 3
     44c:	91 50       	subi	r25, 0x01	; 1
     44e:	20 40       	sbci	r18, 0x00	; 0
     450:	80 40       	sbci	r24, 0x00	; 0
     452:	e1 f7       	brne	.-8      	; 0x44c <nokia_lcd_init+0x26>
     454:	00 c0       	rjmp	.+0      	; 0x456 <nokia_lcd_init+0x30>
     456:	00 00       	nop
     458:	2a 9a       	sbi	0x05, 2	; 5
     45a:	29 98       	cbi	0x05, 1	; 5
     45c:	81 e2       	ldi	r24, 0x21	; 33
     45e:	0e 94 10 02 	call	0x420	; 0x420 <write_cmd>
     462:	83 e1       	ldi	r24, 0x13	; 19
     464:	0e 94 10 02 	call	0x420	; 0x420 <write_cmd>
     468:	86 e0       	ldi	r24, 0x06	; 6
     46a:	0e 94 10 02 	call	0x420	; 0x420 <write_cmd>
     46e:	82 ec       	ldi	r24, 0xC2	; 194
     470:	0e 94 10 02 	call	0x420	; 0x420 <write_cmd>
     474:	80 e2       	ldi	r24, 0x20	; 32
     476:	0e 94 10 02 	call	0x420	; 0x420 <write_cmd>
     47a:	89 e0       	ldi	r24, 0x09	; 9
     47c:	0e 94 10 02 	call	0x420	; 0x420 <write_cmd>
     480:	80 e8       	ldi	r24, 0x80	; 128
     482:	0e 94 10 02 	call	0x420	; 0x420 <write_cmd>
     486:	80 e4       	ldi	r24, 0x40	; 64
     488:	0e 94 10 02 	call	0x420	; 0x420 <write_cmd>
     48c:	c8 ef       	ldi	r28, 0xF8	; 248
     48e:	d1 e0       	ldi	r29, 0x01	; 1
     490:	61 e0       	ldi	r22, 0x01	; 1
     492:	80 e0       	ldi	r24, 0x00	; 0
     494:	0e 94 f4 01 	call	0x3e8	; 0x3e8 <write>
     498:	21 97       	sbiw	r28, 0x01	; 1
     49a:	d1 f7       	brne	.-12     	; 0x490 <nokia_lcd_init+0x6a>
     49c:	88 e0       	ldi	r24, 0x08	; 8
     49e:	0e 94 10 02 	call	0x420	; 0x420 <write_cmd>
     4a2:	8c e0       	ldi	r24, 0x0C	; 12
     4a4:	df 91       	pop	r29
     4a6:	cf 91       	pop	r28
     4a8:	0c 94 10 02 	jmp	0x420	; 0x420 <write_cmd>

000004ac <nokia_lcd_clear>:
     4ac:	80 e8       	ldi	r24, 0x80	; 128
     4ae:	0e 94 10 02 	call	0x420	; 0x420 <write_cmd>
     4b2:	80 e4       	ldi	r24, 0x40	; 64
     4b4:	0e 94 10 02 	call	0x420	; 0x420 <write_cmd>
     4b8:	10 92 3e 03 	sts	0x033E, r1	; 0x80033e <nokia_lcd+0x1f8>
     4bc:	10 92 3f 03 	sts	0x033F, r1	; 0x80033f <nokia_lcd+0x1f9>
     4c0:	88 ef       	ldi	r24, 0xF8	; 248
     4c2:	91 e0       	ldi	r25, 0x01	; 1
     4c4:	e6 e4       	ldi	r30, 0x46	; 70
     4c6:	f1 e0       	ldi	r31, 0x01	; 1
     4c8:	df 01       	movw	r26, r30
     4ca:	9c 01       	movw	r18, r24
     4cc:	1d 92       	st	X+, r1
     4ce:	21 50       	subi	r18, 0x01	; 1
     4d0:	30 40       	sbci	r19, 0x00	; 0
     4d2:	e1 f7       	brne	.-8      	; 0x4cc <nokia_lcd_clear+0x20>
     4d4:	08 95       	ret

000004d6 <nokia_lcd_power>:
     4d6:	81 11       	cpse	r24, r1
     4d8:	02 c0       	rjmp	.+4      	; 0x4de <nokia_lcd_power+0x8>
     4da:	84 e2       	ldi	r24, 0x24	; 36
     4dc:	01 c0       	rjmp	.+2      	; 0x4e0 <nokia_lcd_power+0xa>
     4de:	80 e2       	ldi	r24, 0x20	; 32
     4e0:	0c 94 10 02 	jmp	0x420	; 0x420 <write_cmd>

000004e4 <nokia_lcd_set_pixel>:
     4e4:	96 2f       	mov	r25, r22
     4e6:	96 95       	lsr	r25
     4e8:	96 95       	lsr	r25
     4ea:	96 95       	lsr	r25
     4ec:	e8 2f       	mov	r30, r24
     4ee:	f0 e0       	ldi	r31, 0x00	; 0
     4f0:	84 e5       	ldi	r24, 0x54	; 84
     4f2:	98 9f       	mul	r25, r24
     4f4:	e0 0d       	add	r30, r0
     4f6:	f1 1d       	adc	r31, r1
     4f8:	11 24       	eor	r1, r1
     4fa:	ea 5b       	subi	r30, 0xBA	; 186
     4fc:	fe 4f       	sbci	r31, 0xFE	; 254
     4fe:	67 70       	andi	r22, 0x07	; 7
     500:	81 e0       	ldi	r24, 0x01	; 1
     502:	90 e0       	ldi	r25, 0x00	; 0
     504:	01 c0       	rjmp	.+2      	; 0x508 <nokia_lcd_set_pixel+0x24>
     506:	88 0f       	add	r24, r24
     508:	6a 95       	dec	r22
     50a:	ea f7       	brpl	.-6      	; 0x506 <nokia_lcd_set_pixel+0x22>
     50c:	44 23       	and	r20, r20
     50e:	19 f0       	breq	.+6      	; 0x516 <nokia_lcd_set_pixel+0x32>
     510:	90 81       	ld	r25, Z
     512:	89 2b       	or	r24, r25
     514:	03 c0       	rjmp	.+6      	; 0x51c <nokia_lcd_set_pixel+0x38>
     516:	80 95       	com	r24
     518:	90 81       	ld	r25, Z
     51a:	89 23       	and	r24, r25
     51c:	80 83       	st	Z, r24
     51e:	08 95       	ret

00000520 <nokia_lcd_write_char>:
     520:	8f 92       	push	r8
     522:	9f 92       	push	r9
     524:	af 92       	push	r10
     526:	bf 92       	push	r11
     528:	df 92       	push	r13
     52a:	ef 92       	push	r14
     52c:	ff 92       	push	r15
     52e:	0f 93       	push	r16
     530:	1f 93       	push	r17
     532:	cf 93       	push	r28
     534:	df 93       	push	r29
     536:	00 d0       	rcall	.+0      	; 0x538 <nokia_lcd_write_char+0x18>
     538:	00 d0       	rcall	.+0      	; 0x53a <nokia_lcd_write_char+0x1a>
     53a:	1f 92       	push	r1
     53c:	cd b7       	in	r28, 0x3d	; 61
     53e:	de b7       	in	r29, 0x3e	; 62
     540:	f6 2e       	mov	r15, r22
     542:	28 2f       	mov	r18, r24
     544:	08 2e       	mov	r0, r24
     546:	00 0c       	add	r0, r0
     548:	33 0b       	sbc	r19, r19
     54a:	80 32       	cpi	r24, 0x20	; 32
     54c:	6c f0       	brlt	.+26     	; 0x568 <nokia_lcd_write_char+0x48>
     54e:	20 52       	subi	r18, 0x20	; 32
     550:	31 09       	sbc	r19, r1
     552:	85 e0       	ldi	r24, 0x05	; 5
     554:	82 9f       	mul	r24, r18
     556:	b0 01       	movw	r22, r0
     558:	83 9f       	mul	r24, r19
     55a:	70 0d       	add	r23, r0
     55c:	11 24       	eor	r1, r1
     55e:	68 59       	subi	r22, 0x98	; 152
     560:	7f 4f       	sbci	r23, 0xFF	; 255
     562:	45 e0       	ldi	r20, 0x05	; 5
     564:	50 e0       	ldi	r21, 0x00	; 0
     566:	0e c0       	rjmp	.+28     	; 0x584 <nokia_lcd_write_char+0x64>
     568:	22 0f       	add	r18, r18
     56a:	33 1f       	adc	r19, r19
     56c:	f9 01       	movw	r30, r18
     56e:	ee 5b       	subi	r30, 0xBE	; 190
     570:	fc 4f       	sbci	r31, 0xFC	; 252
     572:	00 81       	ld	r16, Z
     574:	11 81       	ldd	r17, Z+1	; 0x01
     576:	01 15       	cp	r16, r1
     578:	11 05       	cpc	r17, r1
     57a:	59 f4       	brne	.+22     	; 0x592 <nokia_lcd_write_char+0x72>
     57c:	45 e0       	ldi	r20, 0x05	; 5
     57e:	50 e0       	ldi	r21, 0x00	; 0
     580:	68 e6       	ldi	r22, 0x68	; 104
     582:	70 e0       	ldi	r23, 0x00	; 0
     584:	ce 01       	movw	r24, r28
     586:	01 96       	adiw	r24, 0x01	; 1
     588:	0e 94 14 07 	call	0xe28	; 0xe28 <memcpy_P>
     58c:	8e 01       	movw	r16, r28
     58e:	0f 5f       	subi	r16, 0xFF	; 255
     590:	1f 4f       	sbci	r17, 0xFF	; 255
     592:	85 e0       	ldi	r24, 0x05	; 5
     594:	f8 9e       	mul	r15, r24
     596:	50 01       	movw	r10, r0
     598:	11 24       	eor	r1, r1
     59a:	97 e0       	ldi	r25, 0x07	; 7
     59c:	f9 9e       	mul	r15, r25
     59e:	40 01       	movw	r8, r0
     5a0:	11 24       	eor	r1, r1
     5a2:	d1 2c       	mov	r13, r1
     5a4:	8d 2d       	mov	r24, r13
     5a6:	90 e0       	ldi	r25, 0x00	; 0
     5a8:	8a 15       	cp	r24, r10
     5aa:	9b 05       	cpc	r25, r11
     5ac:	44 f5       	brge	.+80     	; 0x5fe <nokia_lcd_write_char+0xde>
     5ae:	e1 2c       	mov	r14, r1
     5b0:	8e 2d       	mov	r24, r14
     5b2:	90 e0       	ldi	r25, 0x00	; 0
     5b4:	88 15       	cp	r24, r8
     5b6:	99 05       	cpc	r25, r9
     5b8:	04 f5       	brge	.+64     	; 0x5fa <nokia_lcd_write_char+0xda>
     5ba:	8d 2d       	mov	r24, r13
     5bc:	6f 2d       	mov	r22, r15
     5be:	0e 94 43 05 	call	0xa86	; 0xa86 <__udivmodqi4>
     5c2:	f8 01       	movw	r30, r16
     5c4:	e8 0f       	add	r30, r24
     5c6:	f1 1d       	adc	r31, r1
     5c8:	20 81       	ld	r18, Z
     5ca:	30 e0       	ldi	r19, 0x00	; 0
     5cc:	8e 2d       	mov	r24, r14
     5ce:	0e 94 43 05 	call	0xa86	; 0xa86 <__udivmodqi4>
     5d2:	02 c0       	rjmp	.+4      	; 0x5d8 <nokia_lcd_write_char+0xb8>
     5d4:	35 95       	asr	r19
     5d6:	27 95       	ror	r18
     5d8:	8a 95       	dec	r24
     5da:	e2 f7       	brpl	.-8      	; 0x5d4 <nokia_lcd_write_char+0xb4>
     5dc:	60 91 3f 03 	lds	r22, 0x033F	; 0x80033f <nokia_lcd+0x1f9>
     5e0:	80 91 3e 03 	lds	r24, 0x033E	; 0x80033e <nokia_lcd+0x1f8>
     5e4:	6e 0d       	add	r22, r14
     5e6:	20 ff       	sbrs	r18, 0
     5e8:	02 c0       	rjmp	.+4      	; 0x5ee <nokia_lcd_write_char+0xce>
     5ea:	41 e0       	ldi	r20, 0x01	; 1
     5ec:	01 c0       	rjmp	.+2      	; 0x5f0 <nokia_lcd_write_char+0xd0>
     5ee:	40 e0       	ldi	r20, 0x00	; 0
     5f0:	8d 0d       	add	r24, r13
     5f2:	0e 94 72 02 	call	0x4e4	; 0x4e4 <nokia_lcd_set_pixel>
     5f6:	e3 94       	inc	r14
     5f8:	db cf       	rjmp	.-74     	; 0x5b0 <nokia_lcd_write_char+0x90>
     5fa:	d3 94       	inc	r13
     5fc:	d3 cf       	rjmp	.-90     	; 0x5a4 <nokia_lcd_write_char+0x84>
     5fe:	80 91 3e 03 	lds	r24, 0x033E	; 0x80033e <nokia_lcd+0x1f8>
     602:	91 e0       	ldi	r25, 0x01	; 1
     604:	98 0f       	add	r25, r24
     606:	8f 2d       	mov	r24, r15
     608:	88 0f       	add	r24, r24
     60a:	88 0f       	add	r24, r24
     60c:	8f 0d       	add	r24, r15
     60e:	89 0f       	add	r24, r25
     610:	84 35       	cpi	r24, 0x54	; 84
     612:	18 f4       	brcc	.+6      	; 0x61a <nokia_lcd_write_char+0xfa>
     614:	80 93 3e 03 	sts	0x033E, r24	; 0x80033e <nokia_lcd+0x1f8>
     618:	0b c0       	rjmp	.+22     	; 0x630 <nokia_lcd_write_char+0x110>
     61a:	10 92 3e 03 	sts	0x033E, r1	; 0x80033e <nokia_lcd+0x1f8>
     61e:	80 91 3f 03 	lds	r24, 0x033F	; 0x80033f <nokia_lcd+0x1f9>
     622:	8f 5f       	subi	r24, 0xFF	; 255
     624:	97 e0       	ldi	r25, 0x07	; 7
     626:	f9 9e       	mul	r15, r25
     628:	80 0d       	add	r24, r0
     62a:	11 24       	eor	r1, r1
     62c:	80 93 3f 03 	sts	0x033F, r24	; 0x80033f <nokia_lcd+0x1f9>
     630:	80 91 3f 03 	lds	r24, 0x033F	; 0x80033f <nokia_lcd+0x1f9>
     634:	80 33       	cpi	r24, 0x30	; 48
     636:	20 f0       	brcs	.+8      	; 0x640 <nokia_lcd_write_char+0x120>
     638:	10 92 3e 03 	sts	0x033E, r1	; 0x80033e <nokia_lcd+0x1f8>
     63c:	10 92 3f 03 	sts	0x033F, r1	; 0x80033f <nokia_lcd+0x1f9>
     640:	0f 90       	pop	r0
     642:	0f 90       	pop	r0
     644:	0f 90       	pop	r0
     646:	0f 90       	pop	r0
     648:	0f 90       	pop	r0
     64a:	df 91       	pop	r29
     64c:	cf 91       	pop	r28
     64e:	1f 91       	pop	r17
     650:	0f 91       	pop	r16
     652:	ff 90       	pop	r15
     654:	ef 90       	pop	r14
     656:	df 90       	pop	r13
     658:	bf 90       	pop	r11
     65a:	af 90       	pop	r10
     65c:	9f 90       	pop	r9
     65e:	8f 90       	pop	r8
     660:	08 95       	ret

00000662 <nokia_lcd_custom>:
     662:	80 32       	cpi	r24, 0x20	; 32
     664:	3c f4       	brge	.+14     	; 0x674 <nokia_lcd_custom+0x12>
     666:	e8 2f       	mov	r30, r24
     668:	ee 0f       	add	r30, r30
     66a:	ff 0b       	sbc	r31, r31
     66c:	ee 5b       	subi	r30, 0xBE	; 190
     66e:	fc 4f       	sbci	r31, 0xFC	; 252
     670:	71 83       	std	Z+1, r23	; 0x01
     672:	60 83       	st	Z, r22
     674:	08 95       	ret

00000676 <nokia_lcd_write_string>:
     676:	1f 93       	push	r17
     678:	cf 93       	push	r28
     67a:	df 93       	push	r29
     67c:	16 2f       	mov	r17, r22
     67e:	ec 01       	movw	r28, r24
     680:	89 91       	ld	r24, Y+
     682:	88 23       	and	r24, r24
     684:	21 f0       	breq	.+8      	; 0x68e <nokia_lcd_write_string+0x18>
     686:	61 2f       	mov	r22, r17
     688:	0e 94 90 02 	call	0x520	; 0x520 <nokia_lcd_write_char>
     68c:	f9 cf       	rjmp	.-14     	; 0x680 <nokia_lcd_write_string+0xa>
     68e:	df 91       	pop	r29
     690:	cf 91       	pop	r28
     692:	1f 91       	pop	r17
     694:	08 95       	ret

00000696 <nokia_lcd_set_cursor>:
     696:	80 93 3e 03 	sts	0x033E, r24	; 0x80033e <nokia_lcd+0x1f8>
     69a:	60 93 3f 03 	sts	0x033F, r22	; 0x80033f <nokia_lcd+0x1f9>
     69e:	08 95       	ret

000006a0 <nokia_lcd_render>:
     6a0:	cf 93       	push	r28
     6a2:	df 93       	push	r29
     6a4:	80 e8       	ldi	r24, 0x80	; 128
     6a6:	0e 94 10 02 	call	0x420	; 0x420 <write_cmd>
     6aa:	80 e4       	ldi	r24, 0x40	; 64
     6ac:	0e 94 10 02 	call	0x420	; 0x420 <write_cmd>
     6b0:	c6 e4       	ldi	r28, 0x46	; 70
     6b2:	d1 e0       	ldi	r29, 0x01	; 1
     6b4:	61 e0       	ldi	r22, 0x01	; 1
     6b6:	89 91       	ld	r24, Y+
     6b8:	0e 94 f4 01 	call	0x3e8	; 0x3e8 <write>
     6bc:	83 e0       	ldi	r24, 0x03	; 3
     6be:	ce 33       	cpi	r28, 0x3E	; 62
     6c0:	d8 07       	cpc	r29, r24
     6c2:	c1 f7       	brne	.-16     	; 0x6b4 <nokia_lcd_render+0x14>
     6c4:	df 91       	pop	r29
     6c6:	cf 91       	pop	r28
     6c8:	08 95       	ret

000006ca <nokia_lcd_drawline>:
     6ca:	4f 92       	push	r4
     6cc:	5f 92       	push	r5
     6ce:	6f 92       	push	r6
     6d0:	7f 92       	push	r7
     6d2:	8f 92       	push	r8
     6d4:	9f 92       	push	r9
     6d6:	af 92       	push	r10
     6d8:	bf 92       	push	r11
     6da:	cf 92       	push	r12
     6dc:	df 92       	push	r13
     6de:	ef 92       	push	r14
     6e0:	ff 92       	push	r15
     6e2:	cf 93       	push	r28
     6e4:	df 93       	push	r29
     6e6:	cd b7       	in	r28, 0x3d	; 61
     6e8:	de b7       	in	r29, 0x3e	; 62
     6ea:	2e 97       	sbiw	r28, 0x0e	; 14
     6ec:	0f b6       	in	r0, 0x3f	; 63
     6ee:	f8 94       	cli
     6f0:	de bf       	out	0x3e, r29	; 62
     6f2:	0f be       	out	0x3f, r0	; 63
     6f4:	cd bf       	out	0x3d, r28	; 61
     6f6:	8d 87       	std	Y+13, r24	; 0x0d
     6f8:	69 87       	std	Y+9, r22	; 0x09
     6fa:	f2 2e       	mov	r15, r18
     6fc:	64 2f       	mov	r22, r20
     6fe:	70 e0       	ldi	r23, 0x00	; 0
     700:	68 1b       	sub	r22, r24
     702:	71 09       	sbc	r23, r1
     704:	07 2e       	mov	r0, r23
     706:	00 0c       	add	r0, r0
     708:	88 0b       	sbc	r24, r24
     70a:	99 0b       	sbc	r25, r25
     70c:	0e 94 5f 06 	call	0xcbe	; 0xcbe <__floatsisf>
     710:	4b 01       	movw	r8, r22
     712:	5c 01       	movw	r10, r24
     714:	6f 2d       	mov	r22, r15
     716:	70 e0       	ldi	r23, 0x00	; 0
     718:	29 85       	ldd	r18, Y+9	; 0x09
     71a:	62 1b       	sub	r22, r18
     71c:	71 09       	sbc	r23, r1
     71e:	07 2e       	mov	r0, r23
     720:	00 0c       	add	r0, r0
     722:	88 0b       	sbc	r24, r24
     724:	99 0b       	sbc	r25, r25
     726:	0e 94 5f 06 	call	0xcbe	; 0xcbe <__floatsisf>
     72a:	6b 01       	movw	r12, r22
     72c:	7c 01       	movw	r14, r24
     72e:	24 01       	movw	r4, r8
     730:	35 01       	movw	r6, r10
     732:	e8 94       	clt
     734:	77 f8       	bld	r7, 7
     736:	dc 01       	movw	r26, r24
     738:	cb 01       	movw	r24, r22
     73a:	bf 77       	andi	r27, 0x7F	; 127
     73c:	89 83       	std	Y+1, r24	; 0x01
     73e:	9a 83       	std	Y+2, r25	; 0x02
     740:	ab 83       	std	Y+3, r26	; 0x03
     742:	bc 83       	std	Y+4, r27	; 0x04
     744:	9c 01       	movw	r18, r24
     746:	ad 01       	movw	r20, r26
     748:	c3 01       	movw	r24, r6
     74a:	b2 01       	movw	r22, r4
     74c:	0e 94 eb 06 	call	0xdd6	; 0xdd6 <__gesf2>
     750:	87 ff       	sbrs	r24, 7
     752:	04 c0       	rjmp	.+8      	; 0x75c <nokia_lcd_drawline+0x92>
     754:	49 80       	ldd	r4, Y+1	; 0x01
     756:	5a 80       	ldd	r5, Y+2	; 0x02
     758:	6b 80       	ldd	r6, Y+3	; 0x03
     75a:	7c 80       	ldd	r7, Y+4	; 0x04
     75c:	a3 01       	movw	r20, r6
     75e:	92 01       	movw	r18, r4
     760:	c5 01       	movw	r24, r10
     762:	b4 01       	movw	r22, r8
     764:	0e 94 bc 05 	call	0xb78	; 0xb78 <__divsf3>
     768:	69 83       	std	Y+1, r22	; 0x01
     76a:	7a 83       	std	Y+2, r23	; 0x02
     76c:	8b 83       	std	Y+3, r24	; 0x03
     76e:	9c 83       	std	Y+4, r25	; 0x04
     770:	a3 01       	movw	r20, r6
     772:	92 01       	movw	r18, r4
     774:	c7 01       	movw	r24, r14
     776:	b6 01       	movw	r22, r12
     778:	0e 94 bc 05 	call	0xb78	; 0xb78 <__divsf3>
     77c:	6d 83       	std	Y+5, r22	; 0x05
     77e:	7e 83       	std	Y+6, r23	; 0x06
     780:	8f 83       	std	Y+7, r24	; 0x07
     782:	98 87       	std	Y+8, r25	; 0x08
     784:	ad 85       	ldd	r26, Y+13	; 0x0d
     786:	6a 2f       	mov	r22, r26
     788:	70 e0       	ldi	r23, 0x00	; 0
     78a:	80 e0       	ldi	r24, 0x00	; 0
     78c:	90 e0       	ldi	r25, 0x00	; 0
     78e:	0e 94 5d 06 	call	0xcba	; 0xcba <__floatunsisf>
     792:	6b 01       	movw	r12, r22
     794:	7c 01       	movw	r14, r24
     796:	b9 85       	ldd	r27, Y+9	; 0x09
     798:	6b 2f       	mov	r22, r27
     79a:	70 e0       	ldi	r23, 0x00	; 0
     79c:	80 e0       	ldi	r24, 0x00	; 0
     79e:	90 e0       	ldi	r25, 0x00	; 0
     7a0:	0e 94 5d 06 	call	0xcba	; 0xcba <__floatunsisf>
     7a4:	4b 01       	movw	r8, r22
     7a6:	5c 01       	movw	r10, r24
     7a8:	21 e0       	ldi	r18, 0x01	; 1
     7aa:	30 e0       	ldi	r19, 0x00	; 0
     7ac:	3e 87       	std	Y+14, r19	; 0x0e
     7ae:	2d 87       	std	Y+13, r18	; 0x0d
     7b0:	ad 85       	ldd	r26, Y+13	; 0x0d
     7b2:	be 85       	ldd	r27, Y+14	; 0x0e
     7b4:	bd 01       	movw	r22, r26
     7b6:	bb 0f       	add	r27, r27
     7b8:	88 0b       	sbc	r24, r24
     7ba:	99 0b       	sbc	r25, r25
     7bc:	0e 94 5f 06 	call	0xcbe	; 0xcbe <__floatsisf>
     7c0:	9b 01       	movw	r18, r22
     7c2:	ac 01       	movw	r20, r24
     7c4:	c3 01       	movw	r24, r6
     7c6:	b2 01       	movw	r22, r4
     7c8:	0e 94 eb 06 	call	0xdd6	; 0xdd6 <__gesf2>
     7cc:	87 fd       	sbrc	r24, 7
     7ce:	2c c0       	rjmp	.+88     	; 0x828 <__DATA_REGION_LENGTH__+0x28>
     7d0:	c5 01       	movw	r24, r10
     7d2:	b4 01       	movw	r22, r8
     7d4:	0e 94 2e 06 	call	0xc5c	; 0xc5c <__fixunssfsi>
     7d8:	69 87       	std	Y+9, r22	; 0x09
     7da:	7a 87       	std	Y+10, r23	; 0x0a
     7dc:	8b 87       	std	Y+11, r24	; 0x0b
     7de:	9c 87       	std	Y+12, r25	; 0x0c
     7e0:	c7 01       	movw	r24, r14
     7e2:	b6 01       	movw	r22, r12
     7e4:	0e 94 2e 06 	call	0xc5c	; 0xc5c <__fixunssfsi>
     7e8:	dc 01       	movw	r26, r24
     7ea:	cb 01       	movw	r24, r22
     7ec:	41 e0       	ldi	r20, 0x01	; 1
     7ee:	69 85       	ldd	r22, Y+9	; 0x09
     7f0:	0e 94 72 02 	call	0x4e4	; 0x4e4 <nokia_lcd_set_pixel>
     7f4:	29 81       	ldd	r18, Y+1	; 0x01
     7f6:	3a 81       	ldd	r19, Y+2	; 0x02
     7f8:	4b 81       	ldd	r20, Y+3	; 0x03
     7fa:	5c 81       	ldd	r21, Y+4	; 0x04
     7fc:	c7 01       	movw	r24, r14
     7fe:	b6 01       	movw	r22, r12
     800:	0e 94 50 05 	call	0xaa0	; 0xaa0 <__addsf3>
     804:	6b 01       	movw	r12, r22
     806:	7c 01       	movw	r14, r24
     808:	2d 81       	ldd	r18, Y+5	; 0x05
     80a:	3e 81       	ldd	r19, Y+6	; 0x06
     80c:	4f 81       	ldd	r20, Y+7	; 0x07
     80e:	58 85       	ldd	r21, Y+8	; 0x08
     810:	c5 01       	movw	r24, r10
     812:	b4 01       	movw	r22, r8
     814:	0e 94 50 05 	call	0xaa0	; 0xaa0 <__addsf3>
     818:	4b 01       	movw	r8, r22
     81a:	5c 01       	movw	r10, r24
     81c:	8d 85       	ldd	r24, Y+13	; 0x0d
     81e:	9e 85       	ldd	r25, Y+14	; 0x0e
     820:	01 96       	adiw	r24, 0x01	; 1
     822:	9e 87       	std	Y+14, r25	; 0x0e
     824:	8d 87       	std	Y+13, r24	; 0x0d
     826:	c4 cf       	rjmp	.-120    	; 0x7b0 <nokia_lcd_drawline+0xe6>
     828:	2e 96       	adiw	r28, 0x0e	; 14
     82a:	0f b6       	in	r0, 0x3f	; 63
     82c:	f8 94       	cli
     82e:	de bf       	out	0x3e, r29	; 62
     830:	0f be       	out	0x3f, r0	; 63
     832:	cd bf       	out	0x3d, r28	; 61
     834:	df 91       	pop	r29
     836:	cf 91       	pop	r28
     838:	ff 90       	pop	r15
     83a:	ef 90       	pop	r14
     83c:	df 90       	pop	r13
     83e:	cf 90       	pop	r12
     840:	bf 90       	pop	r11
     842:	af 90       	pop	r10
     844:	9f 90       	pop	r9
     846:	8f 90       	pop	r8
     848:	7f 90       	pop	r7
     84a:	6f 90       	pop	r6
     84c:	5f 90       	pop	r5
     84e:	4f 90       	pop	r4
     850:	08 95       	ret

00000852 <nokia_lcd_drawrect>:
     852:	0f 93       	push	r16
     854:	1f 93       	push	r17
     856:	cf 93       	push	r28
     858:	df 93       	push	r29
     85a:	c8 2f       	mov	r28, r24
     85c:	16 2f       	mov	r17, r22
     85e:	04 2f       	mov	r16, r20
     860:	d2 2f       	mov	r29, r18
     862:	26 2f       	mov	r18, r22
     864:	0e 94 65 03 	call	0x6ca	; 0x6ca <nokia_lcd_drawline>
     868:	2d 2f       	mov	r18, r29
     86a:	40 2f       	mov	r20, r16
     86c:	61 2f       	mov	r22, r17
     86e:	80 2f       	mov	r24, r16
     870:	0e 94 65 03 	call	0x6ca	; 0x6ca <nokia_lcd_drawline>
     874:	2d 2f       	mov	r18, r29
     876:	4c 2f       	mov	r20, r28
     878:	6d 2f       	mov	r22, r29
     87a:	80 2f       	mov	r24, r16
     87c:	0e 94 65 03 	call	0x6ca	; 0x6ca <nokia_lcd_drawline>
     880:	21 2f       	mov	r18, r17
     882:	4c 2f       	mov	r20, r28
     884:	6d 2f       	mov	r22, r29
     886:	8c 2f       	mov	r24, r28
     888:	df 91       	pop	r29
     88a:	cf 91       	pop	r28
     88c:	1f 91       	pop	r17
     88e:	0f 91       	pop	r16
     890:	0c 94 65 03 	jmp	0x6ca	; 0x6ca <nokia_lcd_drawline>

00000894 <nokia_lcd_drawcircle>:
     894:	7f 92       	push	r7
     896:	8f 92       	push	r8
     898:	9f 92       	push	r9
     89a:	af 92       	push	r10
     89c:	bf 92       	push	r11
     89e:	cf 92       	push	r12
     8a0:	df 92       	push	r13
     8a2:	ef 92       	push	r14
     8a4:	ff 92       	push	r15
     8a6:	0f 93       	push	r16
     8a8:	1f 93       	push	r17
     8aa:	cf 93       	push	r28
     8ac:	df 93       	push	r29
     8ae:	d8 2e       	mov	r13, r24
     8b0:	c6 2e       	mov	r12, r22
     8b2:	c4 2f       	mov	r28, r20
     8b4:	d0 e0       	ldi	r29, 0x00	; 0
     8b6:	e1 2c       	mov	r14, r1
     8b8:	f1 2c       	mov	r15, r1
     8ba:	00 e0       	ldi	r16, 0x00	; 0
     8bc:	10 e0       	ldi	r17, 0x00	; 0
     8be:	41 e0       	ldi	r20, 0x01	; 1
     8c0:	ac 2c       	mov	r10, r12
     8c2:	a0 0e       	add	r10, r16
     8c4:	6a 2d       	mov	r22, r10
     8c6:	bc 2e       	mov	r11, r28
     8c8:	bd 0c       	add	r11, r13
     8ca:	8b 2d       	mov	r24, r11
     8cc:	0e 94 72 02 	call	0x4e4	; 0x4e4 <nokia_lcd_set_pixel>
     8d0:	41 e0       	ldi	r20, 0x01	; 1
     8d2:	8c 2e       	mov	r8, r28
     8d4:	8c 0c       	add	r8, r12
     8d6:	68 2d       	mov	r22, r8
     8d8:	9d 2c       	mov	r9, r13
     8da:	90 0e       	add	r9, r16
     8dc:	89 2d       	mov	r24, r9
     8de:	0e 94 72 02 	call	0x4e4	; 0x4e4 <nokia_lcd_set_pixel>
     8e2:	41 e0       	ldi	r20, 0x01	; 1
     8e4:	68 2d       	mov	r22, r8
     8e6:	7d 2c       	mov	r7, r13
     8e8:	70 1a       	sub	r7, r16
     8ea:	87 2d       	mov	r24, r7
     8ec:	0e 94 72 02 	call	0x4e4	; 0x4e4 <nokia_lcd_set_pixel>
     8f0:	41 e0       	ldi	r20, 0x01	; 1
     8f2:	6a 2d       	mov	r22, r10
     8f4:	8d 2c       	mov	r8, r13
     8f6:	8c 1a       	sub	r8, r28
     8f8:	88 2d       	mov	r24, r8
     8fa:	0e 94 72 02 	call	0x4e4	; 0x4e4 <nokia_lcd_set_pixel>
     8fe:	41 e0       	ldi	r20, 0x01	; 1
     900:	ac 2c       	mov	r10, r12
     902:	a0 1a       	sub	r10, r16
     904:	6a 2d       	mov	r22, r10
     906:	88 2d       	mov	r24, r8
     908:	0e 94 72 02 	call	0x4e4	; 0x4e4 <nokia_lcd_set_pixel>
     90c:	41 e0       	ldi	r20, 0x01	; 1
     90e:	8c 2c       	mov	r8, r12
     910:	8c 1a       	sub	r8, r28
     912:	68 2d       	mov	r22, r8
     914:	87 2d       	mov	r24, r7
     916:	0e 94 72 02 	call	0x4e4	; 0x4e4 <nokia_lcd_set_pixel>
     91a:	41 e0       	ldi	r20, 0x01	; 1
     91c:	68 2d       	mov	r22, r8
     91e:	89 2d       	mov	r24, r9
     920:	0e 94 72 02 	call	0x4e4	; 0x4e4 <nokia_lcd_set_pixel>
     924:	41 e0       	ldi	r20, 0x01	; 1
     926:	6a 2d       	mov	r22, r10
     928:	8b 2d       	mov	r24, r11
     92a:	0e 94 72 02 	call	0x4e4	; 0x4e4 <nokia_lcd_set_pixel>
     92e:	1e 14       	cp	r1, r14
     930:	1f 04       	cpc	r1, r15
     932:	5c f0       	brlt	.+22     	; 0x94a <__stack+0x4b>
     934:	0f 5f       	subi	r16, 0xFF	; 255
     936:	1f 4f       	sbci	r17, 0xFF	; 255
     938:	c8 01       	movw	r24, r16
     93a:	88 0f       	add	r24, r24
     93c:	99 1f       	adc	r25, r25
     93e:	01 96       	adiw	r24, 0x01	; 1
     940:	e8 0e       	add	r14, r24
     942:	f9 1e       	adc	r15, r25
     944:	1e 14       	cp	r1, r14
     946:	1f 04       	cpc	r1, r15
     948:	3c f4       	brge	.+14     	; 0x958 <__stack+0x59>
     94a:	21 97       	sbiw	r28, 0x01	; 1
     94c:	ce 01       	movw	r24, r28
     94e:	88 0f       	add	r24, r24
     950:	99 1f       	adc	r25, r25
     952:	01 96       	adiw	r24, 0x01	; 1
     954:	e8 1a       	sub	r14, r24
     956:	f9 0a       	sbc	r15, r25
     958:	c0 17       	cp	r28, r16
     95a:	d1 07       	cpc	r29, r17
     95c:	0c f0       	brlt	.+2      	; 0x960 <__stack+0x61>
     95e:	af cf       	rjmp	.-162    	; 0x8be <nokia_lcd_drawcircle+0x2a>
     960:	df 91       	pop	r29
     962:	cf 91       	pop	r28
     964:	1f 91       	pop	r17
     966:	0f 91       	pop	r16
     968:	ff 90       	pop	r15
     96a:	ef 90       	pop	r14
     96c:	df 90       	pop	r13
     96e:	cf 90       	pop	r12
     970:	bf 90       	pop	r11
     972:	af 90       	pop	r10
     974:	9f 90       	pop	r9
     976:	8f 90       	pop	r8
     978:	7f 90       	pop	r7
     97a:	08 95       	ret

0000097c <main>:
     97c:	cf 93       	push	r28
     97e:	0e 94 13 02 	call	0x426	; 0x426 <nokia_lcd_init>
     982:	0e 94 56 02 	call	0x4ac	; 0x4ac <nokia_lcd_clear>
     986:	84 b1       	in	r24, 0x04	; 4
     988:	8f 61       	ori	r24, 0x1F	; 31
     98a:	84 b9       	out	0x04, r24	; 4
     98c:	8a b1       	in	r24, 0x0a	; 10
     98e:	80 6c       	ori	r24, 0xC0	; 192
     990:	8a b9       	out	0x0a, r24	; 10
     992:	8a b1       	in	r24, 0x0a	; 10
     994:	1a b8       	out	0x0a, r1	; 10
     996:	8a b1       	in	r24, 0x0a	; 10
     998:	8a b9       	out	0x0a, r24	; 10
     99a:	5a 9a       	sbi	0x0b, 2	; 11
     99c:	80 91 68 00 	lds	r24, 0x0068	; 0x800068 <__TEXT_REGION_LENGTH__+0x7f8068>
     9a0:	84 60       	ori	r24, 0x04	; 4
     9a2:	80 93 68 00 	sts	0x0068, r24	; 0x800068 <__TEXT_REGION_LENGTH__+0x7f8068>
     9a6:	82 e0       	ldi	r24, 0x02	; 2
     9a8:	80 93 69 00 	sts	0x0069, r24	; 0x800069 <__TEXT_REGION_LENGTH__+0x7f8069>
     9ac:	c1 e0       	ldi	r28, 0x01	; 1
     9ae:	cd bb       	out	0x1d, r28	; 29
     9b0:	78 94       	sei
     9b2:	0e 94 54 01 	call	0x2a8	; 0x2a8 <startMenu>
     9b6:	0e 94 dd 01 	call	0x3ba	; 0x3ba <scan_keypad>
     9ba:	08 2e       	mov	r0, r24
     9bc:	00 0c       	add	r0, r0
     9be:	99 0b       	sbc	r25, r25
     9c0:	90 93 41 03 	sts	0x0341, r25	; 0x800341 <key+0x1>
     9c4:	80 93 40 03 	sts	0x0340, r24	; 0x800340 <key>
     9c8:	89 2b       	or	r24, r25
     9ca:	11 f0       	breq	.+4      	; 0x9d0 <main+0x54>
     9cc:	c0 93 43 01 	sts	0x0143, r28	; 0x800143 <jogando>
     9d0:	0e 94 56 02 	call	0x4ac	; 0x4ac <nokia_lcd_clear>
     9d4:	80 91 43 01 	lds	r24, 0x0143	; 0x800143 <jogando>
     9d8:	81 30       	cpi	r24, 0x01	; 1
     9da:	09 f0       	breq	.+2      	; 0x9de <main+0x62>
     9dc:	50 c0       	rjmp	.+160    	; 0xa7e <main+0x102>
     9de:	80 91 42 01 	lds	r24, 0x0142	; 0x800142 <pressed>
     9e2:	81 30       	cpi	r24, 0x01	; 1
     9e4:	21 f4       	brne	.+8      	; 0x9ee <main+0x72>
     9e6:	80 93 41 01 	sts	0x0141, r24	; 0x800141 <pulo>
     9ea:	10 92 42 01 	sts	0x0142, r1	; 0x800142 <pressed>
     9ee:	80 91 41 01 	lds	r24, 0x0141	; 0x800141 <pulo>
     9f2:	81 30       	cpi	r24, 0x01	; 1
     9f4:	71 f4       	brne	.+28     	; 0xa12 <main+0x96>
     9f6:	80 91 06 01 	lds	r24, 0x0106	; 0x800106 <player_tb>
     9fa:	8e 30       	cpi	r24, 0x0E	; 14
     9fc:	38 f0       	brcs	.+14     	; 0xa0c <main+0x90>
     9fe:	81 50       	subi	r24, 0x01	; 1
     a00:	80 93 06 01 	sts	0x0106, r24	; 0x800106 <player_tb>
     a04:	80 91 04 01 	lds	r24, 0x0104	; 0x800104 <player_bb>
     a08:	81 50       	subi	r24, 0x01	; 1
     a0a:	0d c0       	rjmp	.+26     	; 0xa26 <main+0xaa>
     a0c:	10 92 41 01 	sts	0x0141, r1	; 0x800141 <pulo>
     a10:	0c c0       	rjmp	.+24     	; 0xa2a <main+0xae>
     a12:	80 91 04 01 	lds	r24, 0x0104	; 0x800104 <player_bb>
     a16:	8b 32       	cpi	r24, 0x2B	; 43
     a18:	40 f4       	brcc	.+16     	; 0xa2a <main+0xae>
     a1a:	90 91 06 01 	lds	r25, 0x0106	; 0x800106 <player_tb>
     a1e:	9f 5f       	subi	r25, 0xFF	; 255
     a20:	90 93 06 01 	sts	0x0106, r25	; 0x800106 <player_tb>
     a24:	8f 5f       	subi	r24, 0xFF	; 255
     a26:	80 93 04 01 	sts	0x0104, r24	; 0x800104 <player_bb>
     a2a:	8f e9       	ldi	r24, 0x9F	; 159
     a2c:	9f e0       	ldi	r25, 0x0F	; 15
     a2e:	01 97       	sbiw	r24, 0x01	; 1
     a30:	f1 f7       	brne	.-4      	; 0xa2e <main+0xb2>
     a32:	00 c0       	rjmp	.+0      	; 0xa34 <main+0xb8>
     a34:	00 00       	nop
     a36:	0e 94 c3 01 	call	0x386	; 0x386 <resetEnemy>
     a3a:	0e 94 71 01 	call	0x2e2	; 0x2e2 <drawElements>
     a3e:	90 91 03 01 	lds	r25, 0x0103	; 0x800103 <enemy_lb>
     a42:	80 91 05 01 	lds	r24, 0x0105	; 0x800105 <player_rb>
     a46:	89 17       	cp	r24, r25
     a48:	28 f2       	brcs	.-118    	; 0x9d4 <main+0x58>
     a4a:	90 91 02 01 	lds	r25, 0x0102	; 0x800102 <enemy_tb>
     a4e:	80 91 04 01 	lds	r24, 0x0104	; 0x800104 <player_bb>
     a52:	98 17       	cp	r25, r24
     a54:	08 f0       	brcs	.+2      	; 0xa58 <main+0xdc>
     a56:	be cf       	rjmp	.-132    	; 0x9d4 <main+0x58>
     a58:	90 91 00 01 	lds	r25, 0x0100	; 0x800100 <__DATA_REGION_ORIGIN__>
     a5c:	80 91 06 01 	lds	r24, 0x0106	; 0x800106 <player_tb>
     a60:	89 17       	cp	r24, r25
     a62:	08 f0       	brcs	.+2      	; 0xa66 <main+0xea>
     a64:	b7 cf       	rjmp	.-146    	; 0x9d4 <main+0x58>
     a66:	0e 94 56 02 	call	0x4ac	; 0x4ac <nokia_lcd_clear>
     a6a:	61 e0       	ldi	r22, 0x01	; 1
     a6c:	82 e3       	ldi	r24, 0x32	; 50
     a6e:	91 e0       	ldi	r25, 0x01	; 1
     a70:	0e 94 3b 03 	call	0x676	; 0x676 <nokia_lcd_write_string>
     a74:	0e 94 50 03 	call	0x6a0	; 0x6a0 <nokia_lcd_render>
     a78:	10 92 43 01 	sts	0x0143, r1	; 0x800143 <jogando>
     a7c:	ab cf       	rjmp	.-170    	; 0x9d4 <main+0x58>
     a7e:	80 e0       	ldi	r24, 0x00	; 0
     a80:	90 e0       	ldi	r25, 0x00	; 0
     a82:	cf 91       	pop	r28
     a84:	08 95       	ret

00000a86 <__udivmodqi4>:
     a86:	99 1b       	sub	r25, r25
     a88:	79 e0       	ldi	r23, 0x09	; 9
     a8a:	04 c0       	rjmp	.+8      	; 0xa94 <__udivmodqi4_ep>

00000a8c <__udivmodqi4_loop>:
     a8c:	99 1f       	adc	r25, r25
     a8e:	96 17       	cp	r25, r22
     a90:	08 f0       	brcs	.+2      	; 0xa94 <__udivmodqi4_ep>
     a92:	96 1b       	sub	r25, r22

00000a94 <__udivmodqi4_ep>:
     a94:	88 1f       	adc	r24, r24
     a96:	7a 95       	dec	r23
     a98:	c9 f7       	brne	.-14     	; 0xa8c <__udivmodqi4_loop>
     a9a:	80 95       	com	r24
     a9c:	08 95       	ret

00000a9e <__subsf3>:
     a9e:	50 58       	subi	r21, 0x80	; 128

00000aa0 <__addsf3>:
     aa0:	bb 27       	eor	r27, r27
     aa2:	aa 27       	eor	r26, r26
     aa4:	0e 94 67 05 	call	0xace	; 0xace <__addsf3x>
     aa8:	0c 94 b1 06 	jmp	0xd62	; 0xd62 <__fp_round>
     aac:	0e 94 a3 06 	call	0xd46	; 0xd46 <__fp_pscA>
     ab0:	38 f0       	brcs	.+14     	; 0xac0 <__addsf3+0x20>
     ab2:	0e 94 aa 06 	call	0xd54	; 0xd54 <__fp_pscB>
     ab6:	20 f0       	brcs	.+8      	; 0xac0 <__addsf3+0x20>
     ab8:	39 f4       	brne	.+14     	; 0xac8 <__addsf3+0x28>
     aba:	9f 3f       	cpi	r25, 0xFF	; 255
     abc:	19 f4       	brne	.+6      	; 0xac4 <__addsf3+0x24>
     abe:	26 f4       	brtc	.+8      	; 0xac8 <__addsf3+0x28>
     ac0:	0c 94 a0 06 	jmp	0xd40	; 0xd40 <__fp_nan>
     ac4:	0e f4       	brtc	.+2      	; 0xac8 <__addsf3+0x28>
     ac6:	e0 95       	com	r30
     ac8:	e7 fb       	bst	r30, 7
     aca:	0c 94 9a 06 	jmp	0xd34	; 0xd34 <__fp_inf>

00000ace <__addsf3x>:
     ace:	e9 2f       	mov	r30, r25
     ad0:	0e 94 c2 06 	call	0xd84	; 0xd84 <__fp_split3>
     ad4:	58 f3       	brcs	.-42     	; 0xaac <__addsf3+0xc>
     ad6:	ba 17       	cp	r27, r26
     ad8:	62 07       	cpc	r22, r18
     ada:	73 07       	cpc	r23, r19
     adc:	84 07       	cpc	r24, r20
     ade:	95 07       	cpc	r25, r21
     ae0:	20 f0       	brcs	.+8      	; 0xaea <__addsf3x+0x1c>
     ae2:	79 f4       	brne	.+30     	; 0xb02 <__addsf3x+0x34>
     ae4:	a6 f5       	brtc	.+104    	; 0xb4e <__addsf3x+0x80>
     ae6:	0c 94 e4 06 	jmp	0xdc8	; 0xdc8 <__fp_zero>
     aea:	0e f4       	brtc	.+2      	; 0xaee <__addsf3x+0x20>
     aec:	e0 95       	com	r30
     aee:	0b 2e       	mov	r0, r27
     af0:	ba 2f       	mov	r27, r26
     af2:	a0 2d       	mov	r26, r0
     af4:	0b 01       	movw	r0, r22
     af6:	b9 01       	movw	r22, r18
     af8:	90 01       	movw	r18, r0
     afa:	0c 01       	movw	r0, r24
     afc:	ca 01       	movw	r24, r20
     afe:	a0 01       	movw	r20, r0
     b00:	11 24       	eor	r1, r1
     b02:	ff 27       	eor	r31, r31
     b04:	59 1b       	sub	r21, r25
     b06:	99 f0       	breq	.+38     	; 0xb2e <__addsf3x+0x60>
     b08:	59 3f       	cpi	r21, 0xF9	; 249
     b0a:	50 f4       	brcc	.+20     	; 0xb20 <__addsf3x+0x52>
     b0c:	50 3e       	cpi	r21, 0xE0	; 224
     b0e:	68 f1       	brcs	.+90     	; 0xb6a <__addsf3x+0x9c>
     b10:	1a 16       	cp	r1, r26
     b12:	f0 40       	sbci	r31, 0x00	; 0
     b14:	a2 2f       	mov	r26, r18
     b16:	23 2f       	mov	r18, r19
     b18:	34 2f       	mov	r19, r20
     b1a:	44 27       	eor	r20, r20
     b1c:	58 5f       	subi	r21, 0xF8	; 248
     b1e:	f3 cf       	rjmp	.-26     	; 0xb06 <__addsf3x+0x38>
     b20:	46 95       	lsr	r20
     b22:	37 95       	ror	r19
     b24:	27 95       	ror	r18
     b26:	a7 95       	ror	r26
     b28:	f0 40       	sbci	r31, 0x00	; 0
     b2a:	53 95       	inc	r21
     b2c:	c9 f7       	brne	.-14     	; 0xb20 <__addsf3x+0x52>
     b2e:	7e f4       	brtc	.+30     	; 0xb4e <__addsf3x+0x80>
     b30:	1f 16       	cp	r1, r31
     b32:	ba 0b       	sbc	r27, r26
     b34:	62 0b       	sbc	r22, r18
     b36:	73 0b       	sbc	r23, r19
     b38:	84 0b       	sbc	r24, r20
     b3a:	ba f0       	brmi	.+46     	; 0xb6a <__addsf3x+0x9c>
     b3c:	91 50       	subi	r25, 0x01	; 1
     b3e:	a1 f0       	breq	.+40     	; 0xb68 <__addsf3x+0x9a>
     b40:	ff 0f       	add	r31, r31
     b42:	bb 1f       	adc	r27, r27
     b44:	66 1f       	adc	r22, r22
     b46:	77 1f       	adc	r23, r23
     b48:	88 1f       	adc	r24, r24
     b4a:	c2 f7       	brpl	.-16     	; 0xb3c <__addsf3x+0x6e>
     b4c:	0e c0       	rjmp	.+28     	; 0xb6a <__addsf3x+0x9c>
     b4e:	ba 0f       	add	r27, r26
     b50:	62 1f       	adc	r22, r18
     b52:	73 1f       	adc	r23, r19
     b54:	84 1f       	adc	r24, r20
     b56:	48 f4       	brcc	.+18     	; 0xb6a <__addsf3x+0x9c>
     b58:	87 95       	ror	r24
     b5a:	77 95       	ror	r23
     b5c:	67 95       	ror	r22
     b5e:	b7 95       	ror	r27
     b60:	f7 95       	ror	r31
     b62:	9e 3f       	cpi	r25, 0xFE	; 254
     b64:	08 f0       	brcs	.+2      	; 0xb68 <__addsf3x+0x9a>
     b66:	b0 cf       	rjmp	.-160    	; 0xac8 <__addsf3+0x28>
     b68:	93 95       	inc	r25
     b6a:	88 0f       	add	r24, r24
     b6c:	08 f0       	brcs	.+2      	; 0xb70 <__addsf3x+0xa2>
     b6e:	99 27       	eor	r25, r25
     b70:	ee 0f       	add	r30, r30
     b72:	97 95       	ror	r25
     b74:	87 95       	ror	r24
     b76:	08 95       	ret

00000b78 <__divsf3>:
     b78:	0e 94 d0 05 	call	0xba0	; 0xba0 <__divsf3x>
     b7c:	0c 94 b1 06 	jmp	0xd62	; 0xd62 <__fp_round>
     b80:	0e 94 aa 06 	call	0xd54	; 0xd54 <__fp_pscB>
     b84:	58 f0       	brcs	.+22     	; 0xb9c <__divsf3+0x24>
     b86:	0e 94 a3 06 	call	0xd46	; 0xd46 <__fp_pscA>
     b8a:	40 f0       	brcs	.+16     	; 0xb9c <__divsf3+0x24>
     b8c:	29 f4       	brne	.+10     	; 0xb98 <__divsf3+0x20>
     b8e:	5f 3f       	cpi	r21, 0xFF	; 255
     b90:	29 f0       	breq	.+10     	; 0xb9c <__divsf3+0x24>
     b92:	0c 94 9a 06 	jmp	0xd34	; 0xd34 <__fp_inf>
     b96:	51 11       	cpse	r21, r1
     b98:	0c 94 e5 06 	jmp	0xdca	; 0xdca <__fp_szero>
     b9c:	0c 94 a0 06 	jmp	0xd40	; 0xd40 <__fp_nan>

00000ba0 <__divsf3x>:
     ba0:	0e 94 c2 06 	call	0xd84	; 0xd84 <__fp_split3>
     ba4:	68 f3       	brcs	.-38     	; 0xb80 <__divsf3+0x8>

00000ba6 <__divsf3_pse>:
     ba6:	99 23       	and	r25, r25
     ba8:	b1 f3       	breq	.-20     	; 0xb96 <__divsf3+0x1e>
     baa:	55 23       	and	r21, r21
     bac:	91 f3       	breq	.-28     	; 0xb92 <__divsf3+0x1a>
     bae:	95 1b       	sub	r25, r21
     bb0:	55 0b       	sbc	r21, r21
     bb2:	bb 27       	eor	r27, r27
     bb4:	aa 27       	eor	r26, r26
     bb6:	62 17       	cp	r22, r18
     bb8:	73 07       	cpc	r23, r19
     bba:	84 07       	cpc	r24, r20
     bbc:	38 f0       	brcs	.+14     	; 0xbcc <__divsf3_pse+0x26>
     bbe:	9f 5f       	subi	r25, 0xFF	; 255
     bc0:	5f 4f       	sbci	r21, 0xFF	; 255
     bc2:	22 0f       	add	r18, r18
     bc4:	33 1f       	adc	r19, r19
     bc6:	44 1f       	adc	r20, r20
     bc8:	aa 1f       	adc	r26, r26
     bca:	a9 f3       	breq	.-22     	; 0xbb6 <__divsf3_pse+0x10>
     bcc:	35 d0       	rcall	.+106    	; 0xc38 <__divsf3_pse+0x92>
     bce:	0e 2e       	mov	r0, r30
     bd0:	3a f0       	brmi	.+14     	; 0xbe0 <__divsf3_pse+0x3a>
     bd2:	e0 e8       	ldi	r30, 0x80	; 128
     bd4:	32 d0       	rcall	.+100    	; 0xc3a <__divsf3_pse+0x94>
     bd6:	91 50       	subi	r25, 0x01	; 1
     bd8:	50 40       	sbci	r21, 0x00	; 0
     bda:	e6 95       	lsr	r30
     bdc:	00 1c       	adc	r0, r0
     bde:	ca f7       	brpl	.-14     	; 0xbd2 <__divsf3_pse+0x2c>
     be0:	2b d0       	rcall	.+86     	; 0xc38 <__divsf3_pse+0x92>
     be2:	fe 2f       	mov	r31, r30
     be4:	29 d0       	rcall	.+82     	; 0xc38 <__divsf3_pse+0x92>
     be6:	66 0f       	add	r22, r22
     be8:	77 1f       	adc	r23, r23
     bea:	88 1f       	adc	r24, r24
     bec:	bb 1f       	adc	r27, r27
     bee:	26 17       	cp	r18, r22
     bf0:	37 07       	cpc	r19, r23
     bf2:	48 07       	cpc	r20, r24
     bf4:	ab 07       	cpc	r26, r27
     bf6:	b0 e8       	ldi	r27, 0x80	; 128
     bf8:	09 f0       	breq	.+2      	; 0xbfc <__divsf3_pse+0x56>
     bfa:	bb 0b       	sbc	r27, r27
     bfc:	80 2d       	mov	r24, r0
     bfe:	bf 01       	movw	r22, r30
     c00:	ff 27       	eor	r31, r31
     c02:	93 58       	subi	r25, 0x83	; 131
     c04:	5f 4f       	sbci	r21, 0xFF	; 255
     c06:	3a f0       	brmi	.+14     	; 0xc16 <__divsf3_pse+0x70>
     c08:	9e 3f       	cpi	r25, 0xFE	; 254
     c0a:	51 05       	cpc	r21, r1
     c0c:	78 f0       	brcs	.+30     	; 0xc2c <__divsf3_pse+0x86>
     c0e:	0c 94 9a 06 	jmp	0xd34	; 0xd34 <__fp_inf>
     c12:	0c 94 e5 06 	jmp	0xdca	; 0xdca <__fp_szero>
     c16:	5f 3f       	cpi	r21, 0xFF	; 255
     c18:	e4 f3       	brlt	.-8      	; 0xc12 <__divsf3_pse+0x6c>
     c1a:	98 3e       	cpi	r25, 0xE8	; 232
     c1c:	d4 f3       	brlt	.-12     	; 0xc12 <__divsf3_pse+0x6c>
     c1e:	86 95       	lsr	r24
     c20:	77 95       	ror	r23
     c22:	67 95       	ror	r22
     c24:	b7 95       	ror	r27
     c26:	f7 95       	ror	r31
     c28:	9f 5f       	subi	r25, 0xFF	; 255
     c2a:	c9 f7       	brne	.-14     	; 0xc1e <__divsf3_pse+0x78>
     c2c:	88 0f       	add	r24, r24
     c2e:	91 1d       	adc	r25, r1
     c30:	96 95       	lsr	r25
     c32:	87 95       	ror	r24
     c34:	97 f9       	bld	r25, 7
     c36:	08 95       	ret
     c38:	e1 e0       	ldi	r30, 0x01	; 1
     c3a:	66 0f       	add	r22, r22
     c3c:	77 1f       	adc	r23, r23
     c3e:	88 1f       	adc	r24, r24
     c40:	bb 1f       	adc	r27, r27
     c42:	62 17       	cp	r22, r18
     c44:	73 07       	cpc	r23, r19
     c46:	84 07       	cpc	r24, r20
     c48:	ba 07       	cpc	r27, r26
     c4a:	20 f0       	brcs	.+8      	; 0xc54 <__divsf3_pse+0xae>
     c4c:	62 1b       	sub	r22, r18
     c4e:	73 0b       	sbc	r23, r19
     c50:	84 0b       	sbc	r24, r20
     c52:	ba 0b       	sbc	r27, r26
     c54:	ee 1f       	adc	r30, r30
     c56:	88 f7       	brcc	.-30     	; 0xc3a <__divsf3_pse+0x94>
     c58:	e0 95       	com	r30
     c5a:	08 95       	ret

00000c5c <__fixunssfsi>:
     c5c:	0e 94 ca 06 	call	0xd94	; 0xd94 <__fp_splitA>
     c60:	88 f0       	brcs	.+34     	; 0xc84 <__fixunssfsi+0x28>
     c62:	9f 57       	subi	r25, 0x7F	; 127
     c64:	98 f0       	brcs	.+38     	; 0xc8c <__fixunssfsi+0x30>
     c66:	b9 2f       	mov	r27, r25
     c68:	99 27       	eor	r25, r25
     c6a:	b7 51       	subi	r27, 0x17	; 23
     c6c:	b0 f0       	brcs	.+44     	; 0xc9a <__fixunssfsi+0x3e>
     c6e:	e1 f0       	breq	.+56     	; 0xca8 <__fixunssfsi+0x4c>
     c70:	66 0f       	add	r22, r22
     c72:	77 1f       	adc	r23, r23
     c74:	88 1f       	adc	r24, r24
     c76:	99 1f       	adc	r25, r25
     c78:	1a f0       	brmi	.+6      	; 0xc80 <__fixunssfsi+0x24>
     c7a:	ba 95       	dec	r27
     c7c:	c9 f7       	brne	.-14     	; 0xc70 <__fixunssfsi+0x14>
     c7e:	14 c0       	rjmp	.+40     	; 0xca8 <__fixunssfsi+0x4c>
     c80:	b1 30       	cpi	r27, 0x01	; 1
     c82:	91 f0       	breq	.+36     	; 0xca8 <__fixunssfsi+0x4c>
     c84:	0e 94 e4 06 	call	0xdc8	; 0xdc8 <__fp_zero>
     c88:	b1 e0       	ldi	r27, 0x01	; 1
     c8a:	08 95       	ret
     c8c:	0c 94 e4 06 	jmp	0xdc8	; 0xdc8 <__fp_zero>
     c90:	67 2f       	mov	r22, r23
     c92:	78 2f       	mov	r23, r24
     c94:	88 27       	eor	r24, r24
     c96:	b8 5f       	subi	r27, 0xF8	; 248
     c98:	39 f0       	breq	.+14     	; 0xca8 <__fixunssfsi+0x4c>
     c9a:	b9 3f       	cpi	r27, 0xF9	; 249
     c9c:	cc f3       	brlt	.-14     	; 0xc90 <__fixunssfsi+0x34>
     c9e:	86 95       	lsr	r24
     ca0:	77 95       	ror	r23
     ca2:	67 95       	ror	r22
     ca4:	b3 95       	inc	r27
     ca6:	d9 f7       	brne	.-10     	; 0xc9e <__fixunssfsi+0x42>
     ca8:	3e f4       	brtc	.+14     	; 0xcb8 <__fixunssfsi+0x5c>
     caa:	90 95       	com	r25
     cac:	80 95       	com	r24
     cae:	70 95       	com	r23
     cb0:	61 95       	neg	r22
     cb2:	7f 4f       	sbci	r23, 0xFF	; 255
     cb4:	8f 4f       	sbci	r24, 0xFF	; 255
     cb6:	9f 4f       	sbci	r25, 0xFF	; 255
     cb8:	08 95       	ret

00000cba <__floatunsisf>:
     cba:	e8 94       	clt
     cbc:	09 c0       	rjmp	.+18     	; 0xcd0 <__floatsisf+0x12>

00000cbe <__floatsisf>:
     cbe:	97 fb       	bst	r25, 7
     cc0:	3e f4       	brtc	.+14     	; 0xcd0 <__floatsisf+0x12>
     cc2:	90 95       	com	r25
     cc4:	80 95       	com	r24
     cc6:	70 95       	com	r23
     cc8:	61 95       	neg	r22
     cca:	7f 4f       	sbci	r23, 0xFF	; 255
     ccc:	8f 4f       	sbci	r24, 0xFF	; 255
     cce:	9f 4f       	sbci	r25, 0xFF	; 255
     cd0:	99 23       	and	r25, r25
     cd2:	a9 f0       	breq	.+42     	; 0xcfe <__floatsisf+0x40>
     cd4:	f9 2f       	mov	r31, r25
     cd6:	96 e9       	ldi	r25, 0x96	; 150
     cd8:	bb 27       	eor	r27, r27
     cda:	93 95       	inc	r25
     cdc:	f6 95       	lsr	r31
     cde:	87 95       	ror	r24
     ce0:	77 95       	ror	r23
     ce2:	67 95       	ror	r22
     ce4:	b7 95       	ror	r27
     ce6:	f1 11       	cpse	r31, r1
     ce8:	f8 cf       	rjmp	.-16     	; 0xcda <__floatsisf+0x1c>
     cea:	fa f4       	brpl	.+62     	; 0xd2a <__floatsisf+0x6c>
     cec:	bb 0f       	add	r27, r27
     cee:	11 f4       	brne	.+4      	; 0xcf4 <__floatsisf+0x36>
     cf0:	60 ff       	sbrs	r22, 0
     cf2:	1b c0       	rjmp	.+54     	; 0xd2a <__floatsisf+0x6c>
     cf4:	6f 5f       	subi	r22, 0xFF	; 255
     cf6:	7f 4f       	sbci	r23, 0xFF	; 255
     cf8:	8f 4f       	sbci	r24, 0xFF	; 255
     cfa:	9f 4f       	sbci	r25, 0xFF	; 255
     cfc:	16 c0       	rjmp	.+44     	; 0xd2a <__floatsisf+0x6c>
     cfe:	88 23       	and	r24, r24
     d00:	11 f0       	breq	.+4      	; 0xd06 <__floatsisf+0x48>
     d02:	96 e9       	ldi	r25, 0x96	; 150
     d04:	11 c0       	rjmp	.+34     	; 0xd28 <__floatsisf+0x6a>
     d06:	77 23       	and	r23, r23
     d08:	21 f0       	breq	.+8      	; 0xd12 <__floatsisf+0x54>
     d0a:	9e e8       	ldi	r25, 0x8E	; 142
     d0c:	87 2f       	mov	r24, r23
     d0e:	76 2f       	mov	r23, r22
     d10:	05 c0       	rjmp	.+10     	; 0xd1c <__floatsisf+0x5e>
     d12:	66 23       	and	r22, r22
     d14:	71 f0       	breq	.+28     	; 0xd32 <__floatsisf+0x74>
     d16:	96 e8       	ldi	r25, 0x86	; 134
     d18:	86 2f       	mov	r24, r22
     d1a:	70 e0       	ldi	r23, 0x00	; 0
     d1c:	60 e0       	ldi	r22, 0x00	; 0
     d1e:	2a f0       	brmi	.+10     	; 0xd2a <__floatsisf+0x6c>
     d20:	9a 95       	dec	r25
     d22:	66 0f       	add	r22, r22
     d24:	77 1f       	adc	r23, r23
     d26:	88 1f       	adc	r24, r24
     d28:	da f7       	brpl	.-10     	; 0xd20 <__floatsisf+0x62>
     d2a:	88 0f       	add	r24, r24
     d2c:	96 95       	lsr	r25
     d2e:	87 95       	ror	r24
     d30:	97 f9       	bld	r25, 7
     d32:	08 95       	ret

00000d34 <__fp_inf>:
     d34:	97 f9       	bld	r25, 7
     d36:	9f 67       	ori	r25, 0x7F	; 127
     d38:	80 e8       	ldi	r24, 0x80	; 128
     d3a:	70 e0       	ldi	r23, 0x00	; 0
     d3c:	60 e0       	ldi	r22, 0x00	; 0
     d3e:	08 95       	ret

00000d40 <__fp_nan>:
     d40:	9f ef       	ldi	r25, 0xFF	; 255
     d42:	80 ec       	ldi	r24, 0xC0	; 192
     d44:	08 95       	ret

00000d46 <__fp_pscA>:
     d46:	00 24       	eor	r0, r0
     d48:	0a 94       	dec	r0
     d4a:	16 16       	cp	r1, r22
     d4c:	17 06       	cpc	r1, r23
     d4e:	18 06       	cpc	r1, r24
     d50:	09 06       	cpc	r0, r25
     d52:	08 95       	ret

00000d54 <__fp_pscB>:
     d54:	00 24       	eor	r0, r0
     d56:	0a 94       	dec	r0
     d58:	12 16       	cp	r1, r18
     d5a:	13 06       	cpc	r1, r19
     d5c:	14 06       	cpc	r1, r20
     d5e:	05 06       	cpc	r0, r21
     d60:	08 95       	ret

00000d62 <__fp_round>:
     d62:	09 2e       	mov	r0, r25
     d64:	03 94       	inc	r0
     d66:	00 0c       	add	r0, r0
     d68:	11 f4       	brne	.+4      	; 0xd6e <__fp_round+0xc>
     d6a:	88 23       	and	r24, r24
     d6c:	52 f0       	brmi	.+20     	; 0xd82 <__fp_round+0x20>
     d6e:	bb 0f       	add	r27, r27
     d70:	40 f4       	brcc	.+16     	; 0xd82 <__fp_round+0x20>
     d72:	bf 2b       	or	r27, r31
     d74:	11 f4       	brne	.+4      	; 0xd7a <__fp_round+0x18>
     d76:	60 ff       	sbrs	r22, 0
     d78:	04 c0       	rjmp	.+8      	; 0xd82 <__fp_round+0x20>
     d7a:	6f 5f       	subi	r22, 0xFF	; 255
     d7c:	7f 4f       	sbci	r23, 0xFF	; 255
     d7e:	8f 4f       	sbci	r24, 0xFF	; 255
     d80:	9f 4f       	sbci	r25, 0xFF	; 255
     d82:	08 95       	ret

00000d84 <__fp_split3>:
     d84:	57 fd       	sbrc	r21, 7
     d86:	90 58       	subi	r25, 0x80	; 128
     d88:	44 0f       	add	r20, r20
     d8a:	55 1f       	adc	r21, r21
     d8c:	59 f0       	breq	.+22     	; 0xda4 <__fp_splitA+0x10>
     d8e:	5f 3f       	cpi	r21, 0xFF	; 255
     d90:	71 f0       	breq	.+28     	; 0xdae <__fp_splitA+0x1a>
     d92:	47 95       	ror	r20

00000d94 <__fp_splitA>:
     d94:	88 0f       	add	r24, r24
     d96:	97 fb       	bst	r25, 7
     d98:	99 1f       	adc	r25, r25
     d9a:	61 f0       	breq	.+24     	; 0xdb4 <__fp_splitA+0x20>
     d9c:	9f 3f       	cpi	r25, 0xFF	; 255
     d9e:	79 f0       	breq	.+30     	; 0xdbe <__fp_splitA+0x2a>
     da0:	87 95       	ror	r24
     da2:	08 95       	ret
     da4:	12 16       	cp	r1, r18
     da6:	13 06       	cpc	r1, r19
     da8:	14 06       	cpc	r1, r20
     daa:	55 1f       	adc	r21, r21
     dac:	f2 cf       	rjmp	.-28     	; 0xd92 <__fp_split3+0xe>
     dae:	46 95       	lsr	r20
     db0:	f1 df       	rcall	.-30     	; 0xd94 <__fp_splitA>
     db2:	08 c0       	rjmp	.+16     	; 0xdc4 <__fp_splitA+0x30>
     db4:	16 16       	cp	r1, r22
     db6:	17 06       	cpc	r1, r23
     db8:	18 06       	cpc	r1, r24
     dba:	99 1f       	adc	r25, r25
     dbc:	f1 cf       	rjmp	.-30     	; 0xda0 <__fp_splitA+0xc>
     dbe:	86 95       	lsr	r24
     dc0:	71 05       	cpc	r23, r1
     dc2:	61 05       	cpc	r22, r1
     dc4:	08 94       	sec
     dc6:	08 95       	ret

00000dc8 <__fp_zero>:
     dc8:	e8 94       	clt

00000dca <__fp_szero>:
     dca:	bb 27       	eor	r27, r27
     dcc:	66 27       	eor	r22, r22
     dce:	77 27       	eor	r23, r23
     dd0:	cb 01       	movw	r24, r22
     dd2:	97 f9       	bld	r25, 7
     dd4:	08 95       	ret

00000dd6 <__gesf2>:
     dd6:	0e 94 f0 06 	call	0xde0	; 0xde0 <__fp_cmp>
     dda:	08 f4       	brcc	.+2      	; 0xdde <__gesf2+0x8>
     ddc:	8f ef       	ldi	r24, 0xFF	; 255
     dde:	08 95       	ret

00000de0 <__fp_cmp>:
     de0:	99 0f       	add	r25, r25
     de2:	00 08       	sbc	r0, r0
     de4:	55 0f       	add	r21, r21
     de6:	aa 0b       	sbc	r26, r26
     de8:	e0 e8       	ldi	r30, 0x80	; 128
     dea:	fe ef       	ldi	r31, 0xFE	; 254
     dec:	16 16       	cp	r1, r22
     dee:	17 06       	cpc	r1, r23
     df0:	e8 07       	cpc	r30, r24
     df2:	f9 07       	cpc	r31, r25
     df4:	c0 f0       	brcs	.+48     	; 0xe26 <__fp_cmp+0x46>
     df6:	12 16       	cp	r1, r18
     df8:	13 06       	cpc	r1, r19
     dfa:	e4 07       	cpc	r30, r20
     dfc:	f5 07       	cpc	r31, r21
     dfe:	98 f0       	brcs	.+38     	; 0xe26 <__fp_cmp+0x46>
     e00:	62 1b       	sub	r22, r18
     e02:	73 0b       	sbc	r23, r19
     e04:	84 0b       	sbc	r24, r20
     e06:	95 0b       	sbc	r25, r21
     e08:	39 f4       	brne	.+14     	; 0xe18 <__fp_cmp+0x38>
     e0a:	0a 26       	eor	r0, r26
     e0c:	61 f0       	breq	.+24     	; 0xe26 <__fp_cmp+0x46>
     e0e:	23 2b       	or	r18, r19
     e10:	24 2b       	or	r18, r20
     e12:	25 2b       	or	r18, r21
     e14:	21 f4       	brne	.+8      	; 0xe1e <__fp_cmp+0x3e>
     e16:	08 95       	ret
     e18:	0a 26       	eor	r0, r26
     e1a:	09 f4       	brne	.+2      	; 0xe1e <__fp_cmp+0x3e>
     e1c:	a1 40       	sbci	r26, 0x01	; 1
     e1e:	a6 95       	lsr	r26
     e20:	8f ef       	ldi	r24, 0xFF	; 255
     e22:	81 1d       	adc	r24, r1
     e24:	81 1d       	adc	r24, r1
     e26:	08 95       	ret

00000e28 <memcpy_P>:
     e28:	fb 01       	movw	r30, r22
     e2a:	dc 01       	movw	r26, r24
     e2c:	02 c0       	rjmp	.+4      	; 0xe32 <memcpy_P+0xa>
     e2e:	05 90       	lpm	r0, Z+
     e30:	0d 92       	st	X+, r0
     e32:	41 50       	subi	r20, 0x01	; 1
     e34:	50 40       	sbci	r21, 0x00	; 0
     e36:	d8 f7       	brcc	.-10     	; 0xe2e <memcpy_P+0x6>
     e38:	08 95       	ret

00000e3a <sprintf>:
     e3a:	ae e0       	ldi	r26, 0x0E	; 14
     e3c:	b0 e0       	ldi	r27, 0x00	; 0
     e3e:	e3 e2       	ldi	r30, 0x23	; 35
     e40:	f7 e0       	ldi	r31, 0x07	; 7
     e42:	0c 94 de 09 	jmp	0x13bc	; 0x13bc <__prologue_saves__+0x1c>
     e46:	0d 89       	ldd	r16, Y+21	; 0x15
     e48:	1e 89       	ldd	r17, Y+22	; 0x16
     e4a:	86 e0       	ldi	r24, 0x06	; 6
     e4c:	8c 83       	std	Y+4, r24	; 0x04
     e4e:	1a 83       	std	Y+2, r17	; 0x02
     e50:	09 83       	std	Y+1, r16	; 0x01
     e52:	8f ef       	ldi	r24, 0xFF	; 255
     e54:	9f e7       	ldi	r25, 0x7F	; 127
     e56:	9e 83       	std	Y+6, r25	; 0x06
     e58:	8d 83       	std	Y+5, r24	; 0x05
     e5a:	ae 01       	movw	r20, r28
     e5c:	47 5e       	subi	r20, 0xE7	; 231
     e5e:	5f 4f       	sbci	r21, 0xFF	; 255
     e60:	6f 89       	ldd	r22, Y+23	; 0x17
     e62:	78 8d       	ldd	r23, Y+24	; 0x18
     e64:	ce 01       	movw	r24, r28
     e66:	01 96       	adiw	r24, 0x01	; 1
     e68:	0e 94 3f 07 	call	0xe7e	; 0xe7e <vfprintf>
     e6c:	ef 81       	ldd	r30, Y+7	; 0x07
     e6e:	f8 85       	ldd	r31, Y+8	; 0x08
     e70:	e0 0f       	add	r30, r16
     e72:	f1 1f       	adc	r31, r17
     e74:	10 82       	st	Z, r1
     e76:	2e 96       	adiw	r28, 0x0e	; 14
     e78:	e4 e0       	ldi	r30, 0x04	; 4
     e7a:	0c 94 fa 09 	jmp	0x13f4	; 0x13f4 <__epilogue_restores__+0x1c>

00000e7e <vfprintf>:
     e7e:	ab e0       	ldi	r26, 0x0B	; 11
     e80:	b0 e0       	ldi	r27, 0x00	; 0
     e82:	e5 e4       	ldi	r30, 0x45	; 69
     e84:	f7 e0       	ldi	r31, 0x07	; 7
     e86:	0c 94 d0 09 	jmp	0x13a0	; 0x13a0 <__prologue_saves__>
     e8a:	6c 01       	movw	r12, r24
     e8c:	7b 01       	movw	r14, r22
     e8e:	8a 01       	movw	r16, r20
     e90:	fc 01       	movw	r30, r24
     e92:	17 82       	std	Z+7, r1	; 0x07
     e94:	16 82       	std	Z+6, r1	; 0x06
     e96:	83 81       	ldd	r24, Z+3	; 0x03
     e98:	81 ff       	sbrs	r24, 1
     e9a:	cc c1       	rjmp	.+920    	; 0x1234 <vfprintf+0x3b6>
     e9c:	ce 01       	movw	r24, r28
     e9e:	01 96       	adiw	r24, 0x01	; 1
     ea0:	3c 01       	movw	r6, r24
     ea2:	f6 01       	movw	r30, r12
     ea4:	93 81       	ldd	r25, Z+3	; 0x03
     ea6:	f7 01       	movw	r30, r14
     ea8:	93 fd       	sbrc	r25, 3
     eaa:	85 91       	lpm	r24, Z+
     eac:	93 ff       	sbrs	r25, 3
     eae:	81 91       	ld	r24, Z+
     eb0:	7f 01       	movw	r14, r30
     eb2:	88 23       	and	r24, r24
     eb4:	09 f4       	brne	.+2      	; 0xeb8 <vfprintf+0x3a>
     eb6:	ba c1       	rjmp	.+884    	; 0x122c <vfprintf+0x3ae>
     eb8:	85 32       	cpi	r24, 0x25	; 37
     eba:	39 f4       	brne	.+14     	; 0xeca <vfprintf+0x4c>
     ebc:	93 fd       	sbrc	r25, 3
     ebe:	85 91       	lpm	r24, Z+
     ec0:	93 ff       	sbrs	r25, 3
     ec2:	81 91       	ld	r24, Z+
     ec4:	7f 01       	movw	r14, r30
     ec6:	85 32       	cpi	r24, 0x25	; 37
     ec8:	29 f4       	brne	.+10     	; 0xed4 <vfprintf+0x56>
     eca:	b6 01       	movw	r22, r12
     ecc:	90 e0       	ldi	r25, 0x00	; 0
     ece:	0e 94 36 09 	call	0x126c	; 0x126c <fputc>
     ed2:	e7 cf       	rjmp	.-50     	; 0xea2 <vfprintf+0x24>
     ed4:	91 2c       	mov	r9, r1
     ed6:	21 2c       	mov	r2, r1
     ed8:	31 2c       	mov	r3, r1
     eda:	ff e1       	ldi	r31, 0x1F	; 31
     edc:	f3 15       	cp	r31, r3
     ede:	d8 f0       	brcs	.+54     	; 0xf16 <vfprintf+0x98>
     ee0:	8b 32       	cpi	r24, 0x2B	; 43
     ee2:	79 f0       	breq	.+30     	; 0xf02 <vfprintf+0x84>
     ee4:	38 f4       	brcc	.+14     	; 0xef4 <vfprintf+0x76>
     ee6:	80 32       	cpi	r24, 0x20	; 32
     ee8:	79 f0       	breq	.+30     	; 0xf08 <vfprintf+0x8a>
     eea:	83 32       	cpi	r24, 0x23	; 35
     eec:	a1 f4       	brne	.+40     	; 0xf16 <vfprintf+0x98>
     eee:	23 2d       	mov	r18, r3
     ef0:	20 61       	ori	r18, 0x10	; 16
     ef2:	1d c0       	rjmp	.+58     	; 0xf2e <vfprintf+0xb0>
     ef4:	8d 32       	cpi	r24, 0x2D	; 45
     ef6:	61 f0       	breq	.+24     	; 0xf10 <vfprintf+0x92>
     ef8:	80 33       	cpi	r24, 0x30	; 48
     efa:	69 f4       	brne	.+26     	; 0xf16 <vfprintf+0x98>
     efc:	23 2d       	mov	r18, r3
     efe:	21 60       	ori	r18, 0x01	; 1
     f00:	16 c0       	rjmp	.+44     	; 0xf2e <vfprintf+0xb0>
     f02:	83 2d       	mov	r24, r3
     f04:	82 60       	ori	r24, 0x02	; 2
     f06:	38 2e       	mov	r3, r24
     f08:	e3 2d       	mov	r30, r3
     f0a:	e4 60       	ori	r30, 0x04	; 4
     f0c:	3e 2e       	mov	r3, r30
     f0e:	2a c0       	rjmp	.+84     	; 0xf64 <vfprintf+0xe6>
     f10:	f3 2d       	mov	r31, r3
     f12:	f8 60       	ori	r31, 0x08	; 8
     f14:	1d c0       	rjmp	.+58     	; 0xf50 <vfprintf+0xd2>
     f16:	37 fc       	sbrc	r3, 7
     f18:	2d c0       	rjmp	.+90     	; 0xf74 <vfprintf+0xf6>
     f1a:	20 ed       	ldi	r18, 0xD0	; 208
     f1c:	28 0f       	add	r18, r24
     f1e:	2a 30       	cpi	r18, 0x0A	; 10
     f20:	40 f0       	brcs	.+16     	; 0xf32 <vfprintf+0xb4>
     f22:	8e 32       	cpi	r24, 0x2E	; 46
     f24:	b9 f4       	brne	.+46     	; 0xf54 <vfprintf+0xd6>
     f26:	36 fc       	sbrc	r3, 6
     f28:	81 c1       	rjmp	.+770    	; 0x122c <vfprintf+0x3ae>
     f2a:	23 2d       	mov	r18, r3
     f2c:	20 64       	ori	r18, 0x40	; 64
     f2e:	32 2e       	mov	r3, r18
     f30:	19 c0       	rjmp	.+50     	; 0xf64 <vfprintf+0xe6>
     f32:	36 fe       	sbrs	r3, 6
     f34:	06 c0       	rjmp	.+12     	; 0xf42 <vfprintf+0xc4>
     f36:	8a e0       	ldi	r24, 0x0A	; 10
     f38:	98 9e       	mul	r9, r24
     f3a:	20 0d       	add	r18, r0
     f3c:	11 24       	eor	r1, r1
     f3e:	92 2e       	mov	r9, r18
     f40:	11 c0       	rjmp	.+34     	; 0xf64 <vfprintf+0xe6>
     f42:	ea e0       	ldi	r30, 0x0A	; 10
     f44:	2e 9e       	mul	r2, r30
     f46:	20 0d       	add	r18, r0
     f48:	11 24       	eor	r1, r1
     f4a:	22 2e       	mov	r2, r18
     f4c:	f3 2d       	mov	r31, r3
     f4e:	f0 62       	ori	r31, 0x20	; 32
     f50:	3f 2e       	mov	r3, r31
     f52:	08 c0       	rjmp	.+16     	; 0xf64 <vfprintf+0xe6>
     f54:	8c 36       	cpi	r24, 0x6C	; 108
     f56:	21 f4       	brne	.+8      	; 0xf60 <vfprintf+0xe2>
     f58:	83 2d       	mov	r24, r3
     f5a:	80 68       	ori	r24, 0x80	; 128
     f5c:	38 2e       	mov	r3, r24
     f5e:	02 c0       	rjmp	.+4      	; 0xf64 <vfprintf+0xe6>
     f60:	88 36       	cpi	r24, 0x68	; 104
     f62:	41 f4       	brne	.+16     	; 0xf74 <vfprintf+0xf6>
     f64:	f7 01       	movw	r30, r14
     f66:	93 fd       	sbrc	r25, 3
     f68:	85 91       	lpm	r24, Z+
     f6a:	93 ff       	sbrs	r25, 3
     f6c:	81 91       	ld	r24, Z+
     f6e:	7f 01       	movw	r14, r30
     f70:	81 11       	cpse	r24, r1
     f72:	b3 cf       	rjmp	.-154    	; 0xeda <vfprintf+0x5c>
     f74:	98 2f       	mov	r25, r24
     f76:	9f 7d       	andi	r25, 0xDF	; 223
     f78:	95 54       	subi	r25, 0x45	; 69
     f7a:	93 30       	cpi	r25, 0x03	; 3
     f7c:	28 f4       	brcc	.+10     	; 0xf88 <vfprintf+0x10a>
     f7e:	0c 5f       	subi	r16, 0xFC	; 252
     f80:	1f 4f       	sbci	r17, 0xFF	; 255
     f82:	9f e3       	ldi	r25, 0x3F	; 63
     f84:	99 83       	std	Y+1, r25	; 0x01
     f86:	0d c0       	rjmp	.+26     	; 0xfa2 <vfprintf+0x124>
     f88:	83 36       	cpi	r24, 0x63	; 99
     f8a:	31 f0       	breq	.+12     	; 0xf98 <vfprintf+0x11a>
     f8c:	83 37       	cpi	r24, 0x73	; 115
     f8e:	71 f0       	breq	.+28     	; 0xfac <vfprintf+0x12e>
     f90:	83 35       	cpi	r24, 0x53	; 83
     f92:	09 f0       	breq	.+2      	; 0xf96 <vfprintf+0x118>
     f94:	59 c0       	rjmp	.+178    	; 0x1048 <vfprintf+0x1ca>
     f96:	21 c0       	rjmp	.+66     	; 0xfda <vfprintf+0x15c>
     f98:	f8 01       	movw	r30, r16
     f9a:	80 81       	ld	r24, Z
     f9c:	89 83       	std	Y+1, r24	; 0x01
     f9e:	0e 5f       	subi	r16, 0xFE	; 254
     fa0:	1f 4f       	sbci	r17, 0xFF	; 255
     fa2:	88 24       	eor	r8, r8
     fa4:	83 94       	inc	r8
     fa6:	91 2c       	mov	r9, r1
     fa8:	53 01       	movw	r10, r6
     faa:	13 c0       	rjmp	.+38     	; 0xfd2 <vfprintf+0x154>
     fac:	28 01       	movw	r4, r16
     fae:	f2 e0       	ldi	r31, 0x02	; 2
     fb0:	4f 0e       	add	r4, r31
     fb2:	51 1c       	adc	r5, r1
     fb4:	f8 01       	movw	r30, r16
     fb6:	a0 80       	ld	r10, Z
     fb8:	b1 80       	ldd	r11, Z+1	; 0x01
     fba:	36 fe       	sbrs	r3, 6
     fbc:	03 c0       	rjmp	.+6      	; 0xfc4 <vfprintf+0x146>
     fbe:	69 2d       	mov	r22, r9
     fc0:	70 e0       	ldi	r23, 0x00	; 0
     fc2:	02 c0       	rjmp	.+4      	; 0xfc8 <vfprintf+0x14a>
     fc4:	6f ef       	ldi	r22, 0xFF	; 255
     fc6:	7f ef       	ldi	r23, 0xFF	; 255
     fc8:	c5 01       	movw	r24, r10
     fca:	0e 94 2b 09 	call	0x1256	; 0x1256 <strnlen>
     fce:	4c 01       	movw	r8, r24
     fd0:	82 01       	movw	r16, r4
     fd2:	f3 2d       	mov	r31, r3
     fd4:	ff 77       	andi	r31, 0x7F	; 127
     fd6:	3f 2e       	mov	r3, r31
     fd8:	16 c0       	rjmp	.+44     	; 0x1006 <vfprintf+0x188>
     fda:	28 01       	movw	r4, r16
     fdc:	22 e0       	ldi	r18, 0x02	; 2
     fde:	42 0e       	add	r4, r18
     fe0:	51 1c       	adc	r5, r1
     fe2:	f8 01       	movw	r30, r16
     fe4:	a0 80       	ld	r10, Z
     fe6:	b1 80       	ldd	r11, Z+1	; 0x01
     fe8:	36 fe       	sbrs	r3, 6
     fea:	03 c0       	rjmp	.+6      	; 0xff2 <vfprintf+0x174>
     fec:	69 2d       	mov	r22, r9
     fee:	70 e0       	ldi	r23, 0x00	; 0
     ff0:	02 c0       	rjmp	.+4      	; 0xff6 <vfprintf+0x178>
     ff2:	6f ef       	ldi	r22, 0xFF	; 255
     ff4:	7f ef       	ldi	r23, 0xFF	; 255
     ff6:	c5 01       	movw	r24, r10
     ff8:	0e 94 20 09 	call	0x1240	; 0x1240 <strnlen_P>
     ffc:	4c 01       	movw	r8, r24
     ffe:	f3 2d       	mov	r31, r3
    1000:	f0 68       	ori	r31, 0x80	; 128
    1002:	3f 2e       	mov	r3, r31
    1004:	82 01       	movw	r16, r4
    1006:	33 fc       	sbrc	r3, 3
    1008:	1b c0       	rjmp	.+54     	; 0x1040 <vfprintf+0x1c2>
    100a:	82 2d       	mov	r24, r2
    100c:	90 e0       	ldi	r25, 0x00	; 0
    100e:	88 16       	cp	r8, r24
    1010:	99 06       	cpc	r9, r25
    1012:	b0 f4       	brcc	.+44     	; 0x1040 <vfprintf+0x1c2>
    1014:	b6 01       	movw	r22, r12
    1016:	80 e2       	ldi	r24, 0x20	; 32
    1018:	90 e0       	ldi	r25, 0x00	; 0
    101a:	0e 94 36 09 	call	0x126c	; 0x126c <fputc>
    101e:	2a 94       	dec	r2
    1020:	f4 cf       	rjmp	.-24     	; 0x100a <vfprintf+0x18c>
    1022:	f5 01       	movw	r30, r10
    1024:	37 fc       	sbrc	r3, 7
    1026:	85 91       	lpm	r24, Z+
    1028:	37 fe       	sbrs	r3, 7
    102a:	81 91       	ld	r24, Z+
    102c:	5f 01       	movw	r10, r30
    102e:	b6 01       	movw	r22, r12
    1030:	90 e0       	ldi	r25, 0x00	; 0
    1032:	0e 94 36 09 	call	0x126c	; 0x126c <fputc>
    1036:	21 10       	cpse	r2, r1
    1038:	2a 94       	dec	r2
    103a:	21 e0       	ldi	r18, 0x01	; 1
    103c:	82 1a       	sub	r8, r18
    103e:	91 08       	sbc	r9, r1
    1040:	81 14       	cp	r8, r1
    1042:	91 04       	cpc	r9, r1
    1044:	71 f7       	brne	.-36     	; 0x1022 <vfprintf+0x1a4>
    1046:	e8 c0       	rjmp	.+464    	; 0x1218 <vfprintf+0x39a>
    1048:	84 36       	cpi	r24, 0x64	; 100
    104a:	11 f0       	breq	.+4      	; 0x1050 <vfprintf+0x1d2>
    104c:	89 36       	cpi	r24, 0x69	; 105
    104e:	41 f5       	brne	.+80     	; 0x10a0 <vfprintf+0x222>
    1050:	f8 01       	movw	r30, r16
    1052:	37 fe       	sbrs	r3, 7
    1054:	07 c0       	rjmp	.+14     	; 0x1064 <vfprintf+0x1e6>
    1056:	60 81       	ld	r22, Z
    1058:	71 81       	ldd	r23, Z+1	; 0x01
    105a:	82 81       	ldd	r24, Z+2	; 0x02
    105c:	93 81       	ldd	r25, Z+3	; 0x03
    105e:	0c 5f       	subi	r16, 0xFC	; 252
    1060:	1f 4f       	sbci	r17, 0xFF	; 255
    1062:	08 c0       	rjmp	.+16     	; 0x1074 <vfprintf+0x1f6>
    1064:	60 81       	ld	r22, Z
    1066:	71 81       	ldd	r23, Z+1	; 0x01
    1068:	07 2e       	mov	r0, r23
    106a:	00 0c       	add	r0, r0
    106c:	88 0b       	sbc	r24, r24
    106e:	99 0b       	sbc	r25, r25
    1070:	0e 5f       	subi	r16, 0xFE	; 254
    1072:	1f 4f       	sbci	r17, 0xFF	; 255
    1074:	f3 2d       	mov	r31, r3
    1076:	ff 76       	andi	r31, 0x6F	; 111
    1078:	3f 2e       	mov	r3, r31
    107a:	97 ff       	sbrs	r25, 7
    107c:	09 c0       	rjmp	.+18     	; 0x1090 <vfprintf+0x212>
    107e:	90 95       	com	r25
    1080:	80 95       	com	r24
    1082:	70 95       	com	r23
    1084:	61 95       	neg	r22
    1086:	7f 4f       	sbci	r23, 0xFF	; 255
    1088:	8f 4f       	sbci	r24, 0xFF	; 255
    108a:	9f 4f       	sbci	r25, 0xFF	; 255
    108c:	f0 68       	ori	r31, 0x80	; 128
    108e:	3f 2e       	mov	r3, r31
    1090:	2a e0       	ldi	r18, 0x0A	; 10
    1092:	30 e0       	ldi	r19, 0x00	; 0
    1094:	a3 01       	movw	r20, r6
    1096:	0e 94 72 09 	call	0x12e4	; 0x12e4 <__ultoa_invert>
    109a:	88 2e       	mov	r8, r24
    109c:	86 18       	sub	r8, r6
    109e:	45 c0       	rjmp	.+138    	; 0x112a <vfprintf+0x2ac>
    10a0:	85 37       	cpi	r24, 0x75	; 117
    10a2:	31 f4       	brne	.+12     	; 0x10b0 <vfprintf+0x232>
    10a4:	23 2d       	mov	r18, r3
    10a6:	2f 7e       	andi	r18, 0xEF	; 239
    10a8:	b2 2e       	mov	r11, r18
    10aa:	2a e0       	ldi	r18, 0x0A	; 10
    10ac:	30 e0       	ldi	r19, 0x00	; 0
    10ae:	25 c0       	rjmp	.+74     	; 0x10fa <vfprintf+0x27c>
    10b0:	93 2d       	mov	r25, r3
    10b2:	99 7f       	andi	r25, 0xF9	; 249
    10b4:	b9 2e       	mov	r11, r25
    10b6:	8f 36       	cpi	r24, 0x6F	; 111
    10b8:	c1 f0       	breq	.+48     	; 0x10ea <vfprintf+0x26c>
    10ba:	18 f4       	brcc	.+6      	; 0x10c2 <vfprintf+0x244>
    10bc:	88 35       	cpi	r24, 0x58	; 88
    10be:	79 f0       	breq	.+30     	; 0x10de <vfprintf+0x260>
    10c0:	b5 c0       	rjmp	.+362    	; 0x122c <vfprintf+0x3ae>
    10c2:	80 37       	cpi	r24, 0x70	; 112
    10c4:	19 f0       	breq	.+6      	; 0x10cc <vfprintf+0x24e>
    10c6:	88 37       	cpi	r24, 0x78	; 120
    10c8:	21 f0       	breq	.+8      	; 0x10d2 <vfprintf+0x254>
    10ca:	b0 c0       	rjmp	.+352    	; 0x122c <vfprintf+0x3ae>
    10cc:	e9 2f       	mov	r30, r25
    10ce:	e0 61       	ori	r30, 0x10	; 16
    10d0:	be 2e       	mov	r11, r30
    10d2:	b4 fe       	sbrs	r11, 4
    10d4:	0d c0       	rjmp	.+26     	; 0x10f0 <vfprintf+0x272>
    10d6:	fb 2d       	mov	r31, r11
    10d8:	f4 60       	ori	r31, 0x04	; 4
    10da:	bf 2e       	mov	r11, r31
    10dc:	09 c0       	rjmp	.+18     	; 0x10f0 <vfprintf+0x272>
    10de:	34 fe       	sbrs	r3, 4
    10e0:	0a c0       	rjmp	.+20     	; 0x10f6 <vfprintf+0x278>
    10e2:	29 2f       	mov	r18, r25
    10e4:	26 60       	ori	r18, 0x06	; 6
    10e6:	b2 2e       	mov	r11, r18
    10e8:	06 c0       	rjmp	.+12     	; 0x10f6 <vfprintf+0x278>
    10ea:	28 e0       	ldi	r18, 0x08	; 8
    10ec:	30 e0       	ldi	r19, 0x00	; 0
    10ee:	05 c0       	rjmp	.+10     	; 0x10fa <vfprintf+0x27c>
    10f0:	20 e1       	ldi	r18, 0x10	; 16
    10f2:	30 e0       	ldi	r19, 0x00	; 0
    10f4:	02 c0       	rjmp	.+4      	; 0x10fa <vfprintf+0x27c>
    10f6:	20 e1       	ldi	r18, 0x10	; 16
    10f8:	32 e0       	ldi	r19, 0x02	; 2
    10fa:	f8 01       	movw	r30, r16
    10fc:	b7 fe       	sbrs	r11, 7
    10fe:	07 c0       	rjmp	.+14     	; 0x110e <vfprintf+0x290>
    1100:	60 81       	ld	r22, Z
    1102:	71 81       	ldd	r23, Z+1	; 0x01
    1104:	82 81       	ldd	r24, Z+2	; 0x02
    1106:	93 81       	ldd	r25, Z+3	; 0x03
    1108:	0c 5f       	subi	r16, 0xFC	; 252
    110a:	1f 4f       	sbci	r17, 0xFF	; 255
    110c:	06 c0       	rjmp	.+12     	; 0x111a <vfprintf+0x29c>
    110e:	60 81       	ld	r22, Z
    1110:	71 81       	ldd	r23, Z+1	; 0x01
    1112:	80 e0       	ldi	r24, 0x00	; 0
    1114:	90 e0       	ldi	r25, 0x00	; 0
    1116:	0e 5f       	subi	r16, 0xFE	; 254
    1118:	1f 4f       	sbci	r17, 0xFF	; 255
    111a:	a3 01       	movw	r20, r6
    111c:	0e 94 72 09 	call	0x12e4	; 0x12e4 <__ultoa_invert>
    1120:	88 2e       	mov	r8, r24
    1122:	86 18       	sub	r8, r6
    1124:	fb 2d       	mov	r31, r11
    1126:	ff 77       	andi	r31, 0x7F	; 127
    1128:	3f 2e       	mov	r3, r31
    112a:	36 fe       	sbrs	r3, 6
    112c:	0d c0       	rjmp	.+26     	; 0x1148 <vfprintf+0x2ca>
    112e:	23 2d       	mov	r18, r3
    1130:	2e 7f       	andi	r18, 0xFE	; 254
    1132:	a2 2e       	mov	r10, r18
    1134:	89 14       	cp	r8, r9
    1136:	58 f4       	brcc	.+22     	; 0x114e <vfprintf+0x2d0>
    1138:	34 fe       	sbrs	r3, 4
    113a:	0b c0       	rjmp	.+22     	; 0x1152 <vfprintf+0x2d4>
    113c:	32 fc       	sbrc	r3, 2
    113e:	09 c0       	rjmp	.+18     	; 0x1152 <vfprintf+0x2d4>
    1140:	83 2d       	mov	r24, r3
    1142:	8e 7e       	andi	r24, 0xEE	; 238
    1144:	a8 2e       	mov	r10, r24
    1146:	05 c0       	rjmp	.+10     	; 0x1152 <vfprintf+0x2d4>
    1148:	b8 2c       	mov	r11, r8
    114a:	a3 2c       	mov	r10, r3
    114c:	03 c0       	rjmp	.+6      	; 0x1154 <vfprintf+0x2d6>
    114e:	b8 2c       	mov	r11, r8
    1150:	01 c0       	rjmp	.+2      	; 0x1154 <vfprintf+0x2d6>
    1152:	b9 2c       	mov	r11, r9
    1154:	a4 fe       	sbrs	r10, 4
    1156:	0f c0       	rjmp	.+30     	; 0x1176 <vfprintf+0x2f8>
    1158:	fe 01       	movw	r30, r28
    115a:	e8 0d       	add	r30, r8
    115c:	f1 1d       	adc	r31, r1
    115e:	80 81       	ld	r24, Z
    1160:	80 33       	cpi	r24, 0x30	; 48
    1162:	21 f4       	brne	.+8      	; 0x116c <vfprintf+0x2ee>
    1164:	9a 2d       	mov	r25, r10
    1166:	99 7e       	andi	r25, 0xE9	; 233
    1168:	a9 2e       	mov	r10, r25
    116a:	09 c0       	rjmp	.+18     	; 0x117e <vfprintf+0x300>
    116c:	a2 fe       	sbrs	r10, 2
    116e:	06 c0       	rjmp	.+12     	; 0x117c <vfprintf+0x2fe>
    1170:	b3 94       	inc	r11
    1172:	b3 94       	inc	r11
    1174:	04 c0       	rjmp	.+8      	; 0x117e <vfprintf+0x300>
    1176:	8a 2d       	mov	r24, r10
    1178:	86 78       	andi	r24, 0x86	; 134
    117a:	09 f0       	breq	.+2      	; 0x117e <vfprintf+0x300>
    117c:	b3 94       	inc	r11
    117e:	a3 fc       	sbrc	r10, 3
    1180:	11 c0       	rjmp	.+34     	; 0x11a4 <vfprintf+0x326>
    1182:	a0 fe       	sbrs	r10, 0
    1184:	06 c0       	rjmp	.+12     	; 0x1192 <vfprintf+0x314>
    1186:	b2 14       	cp	r11, r2
    1188:	88 f4       	brcc	.+34     	; 0x11ac <vfprintf+0x32e>
    118a:	28 0c       	add	r2, r8
    118c:	92 2c       	mov	r9, r2
    118e:	9b 18       	sub	r9, r11
    1190:	0e c0       	rjmp	.+28     	; 0x11ae <vfprintf+0x330>
    1192:	b2 14       	cp	r11, r2
    1194:	60 f4       	brcc	.+24     	; 0x11ae <vfprintf+0x330>
    1196:	b6 01       	movw	r22, r12
    1198:	80 e2       	ldi	r24, 0x20	; 32
    119a:	90 e0       	ldi	r25, 0x00	; 0
    119c:	0e 94 36 09 	call	0x126c	; 0x126c <fputc>
    11a0:	b3 94       	inc	r11
    11a2:	f7 cf       	rjmp	.-18     	; 0x1192 <vfprintf+0x314>
    11a4:	b2 14       	cp	r11, r2
    11a6:	18 f4       	brcc	.+6      	; 0x11ae <vfprintf+0x330>
    11a8:	2b 18       	sub	r2, r11
    11aa:	02 c0       	rjmp	.+4      	; 0x11b0 <vfprintf+0x332>
    11ac:	98 2c       	mov	r9, r8
    11ae:	21 2c       	mov	r2, r1
    11b0:	a4 fe       	sbrs	r10, 4
    11b2:	10 c0       	rjmp	.+32     	; 0x11d4 <vfprintf+0x356>
    11b4:	b6 01       	movw	r22, r12
    11b6:	80 e3       	ldi	r24, 0x30	; 48
    11b8:	90 e0       	ldi	r25, 0x00	; 0
    11ba:	0e 94 36 09 	call	0x126c	; 0x126c <fputc>
    11be:	a2 fe       	sbrs	r10, 2
    11c0:	17 c0       	rjmp	.+46     	; 0x11f0 <vfprintf+0x372>
    11c2:	a1 fc       	sbrc	r10, 1
    11c4:	03 c0       	rjmp	.+6      	; 0x11cc <vfprintf+0x34e>
    11c6:	88 e7       	ldi	r24, 0x78	; 120
    11c8:	90 e0       	ldi	r25, 0x00	; 0
    11ca:	02 c0       	rjmp	.+4      	; 0x11d0 <vfprintf+0x352>
    11cc:	88 e5       	ldi	r24, 0x58	; 88
    11ce:	90 e0       	ldi	r25, 0x00	; 0
    11d0:	b6 01       	movw	r22, r12
    11d2:	0c c0       	rjmp	.+24     	; 0x11ec <vfprintf+0x36e>
    11d4:	8a 2d       	mov	r24, r10
    11d6:	86 78       	andi	r24, 0x86	; 134
    11d8:	59 f0       	breq	.+22     	; 0x11f0 <vfprintf+0x372>
    11da:	a1 fe       	sbrs	r10, 1
    11dc:	02 c0       	rjmp	.+4      	; 0x11e2 <vfprintf+0x364>
    11de:	8b e2       	ldi	r24, 0x2B	; 43
    11e0:	01 c0       	rjmp	.+2      	; 0x11e4 <vfprintf+0x366>
    11e2:	80 e2       	ldi	r24, 0x20	; 32
    11e4:	a7 fc       	sbrc	r10, 7
    11e6:	8d e2       	ldi	r24, 0x2D	; 45
    11e8:	b6 01       	movw	r22, r12
    11ea:	90 e0       	ldi	r25, 0x00	; 0
    11ec:	0e 94 36 09 	call	0x126c	; 0x126c <fputc>
    11f0:	89 14       	cp	r8, r9
    11f2:	38 f4       	brcc	.+14     	; 0x1202 <vfprintf+0x384>
    11f4:	b6 01       	movw	r22, r12
    11f6:	80 e3       	ldi	r24, 0x30	; 48
    11f8:	90 e0       	ldi	r25, 0x00	; 0
    11fa:	0e 94 36 09 	call	0x126c	; 0x126c <fputc>
    11fe:	9a 94       	dec	r9
    1200:	f7 cf       	rjmp	.-18     	; 0x11f0 <vfprintf+0x372>
    1202:	8a 94       	dec	r8
    1204:	f3 01       	movw	r30, r6
    1206:	e8 0d       	add	r30, r8
    1208:	f1 1d       	adc	r31, r1
    120a:	80 81       	ld	r24, Z
    120c:	b6 01       	movw	r22, r12
    120e:	90 e0       	ldi	r25, 0x00	; 0
    1210:	0e 94 36 09 	call	0x126c	; 0x126c <fputc>
    1214:	81 10       	cpse	r8, r1
    1216:	f5 cf       	rjmp	.-22     	; 0x1202 <vfprintf+0x384>
    1218:	22 20       	and	r2, r2
    121a:	09 f4       	brne	.+2      	; 0x121e <vfprintf+0x3a0>
    121c:	42 ce       	rjmp	.-892    	; 0xea2 <vfprintf+0x24>
    121e:	b6 01       	movw	r22, r12
    1220:	80 e2       	ldi	r24, 0x20	; 32
    1222:	90 e0       	ldi	r25, 0x00	; 0
    1224:	0e 94 36 09 	call	0x126c	; 0x126c <fputc>
    1228:	2a 94       	dec	r2
    122a:	f6 cf       	rjmp	.-20     	; 0x1218 <vfprintf+0x39a>
    122c:	f6 01       	movw	r30, r12
    122e:	86 81       	ldd	r24, Z+6	; 0x06
    1230:	97 81       	ldd	r25, Z+7	; 0x07
    1232:	02 c0       	rjmp	.+4      	; 0x1238 <vfprintf+0x3ba>
    1234:	8f ef       	ldi	r24, 0xFF	; 255
    1236:	9f ef       	ldi	r25, 0xFF	; 255
    1238:	2b 96       	adiw	r28, 0x0b	; 11
    123a:	e2 e1       	ldi	r30, 0x12	; 18
    123c:	0c 94 ec 09 	jmp	0x13d8	; 0x13d8 <__epilogue_restores__>

00001240 <strnlen_P>:
    1240:	fc 01       	movw	r30, r24
    1242:	05 90       	lpm	r0, Z+
    1244:	61 50       	subi	r22, 0x01	; 1
    1246:	70 40       	sbci	r23, 0x00	; 0
    1248:	01 10       	cpse	r0, r1
    124a:	d8 f7       	brcc	.-10     	; 0x1242 <strnlen_P+0x2>
    124c:	80 95       	com	r24
    124e:	90 95       	com	r25
    1250:	8e 0f       	add	r24, r30
    1252:	9f 1f       	adc	r25, r31
    1254:	08 95       	ret

00001256 <strnlen>:
    1256:	fc 01       	movw	r30, r24
    1258:	61 50       	subi	r22, 0x01	; 1
    125a:	70 40       	sbci	r23, 0x00	; 0
    125c:	01 90       	ld	r0, Z+
    125e:	01 10       	cpse	r0, r1
    1260:	d8 f7       	brcc	.-10     	; 0x1258 <strnlen+0x2>
    1262:	80 95       	com	r24
    1264:	90 95       	com	r25
    1266:	8e 0f       	add	r24, r30
    1268:	9f 1f       	adc	r25, r31
    126a:	08 95       	ret

0000126c <fputc>:
    126c:	0f 93       	push	r16
    126e:	1f 93       	push	r17
    1270:	cf 93       	push	r28
    1272:	df 93       	push	r29
    1274:	fb 01       	movw	r30, r22
    1276:	23 81       	ldd	r18, Z+3	; 0x03
    1278:	21 fd       	sbrc	r18, 1
    127a:	03 c0       	rjmp	.+6      	; 0x1282 <fputc+0x16>
    127c:	8f ef       	ldi	r24, 0xFF	; 255
    127e:	9f ef       	ldi	r25, 0xFF	; 255
    1280:	2c c0       	rjmp	.+88     	; 0x12da <fputc+0x6e>
    1282:	22 ff       	sbrs	r18, 2
    1284:	16 c0       	rjmp	.+44     	; 0x12b2 <fputc+0x46>
    1286:	46 81       	ldd	r20, Z+6	; 0x06
    1288:	57 81       	ldd	r21, Z+7	; 0x07
    128a:	24 81       	ldd	r18, Z+4	; 0x04
    128c:	35 81       	ldd	r19, Z+5	; 0x05
    128e:	42 17       	cp	r20, r18
    1290:	53 07       	cpc	r21, r19
    1292:	44 f4       	brge	.+16     	; 0x12a4 <fputc+0x38>
    1294:	a0 81       	ld	r26, Z
    1296:	b1 81       	ldd	r27, Z+1	; 0x01
    1298:	9d 01       	movw	r18, r26
    129a:	2f 5f       	subi	r18, 0xFF	; 255
    129c:	3f 4f       	sbci	r19, 0xFF	; 255
    129e:	31 83       	std	Z+1, r19	; 0x01
    12a0:	20 83       	st	Z, r18
    12a2:	8c 93       	st	X, r24
    12a4:	26 81       	ldd	r18, Z+6	; 0x06
    12a6:	37 81       	ldd	r19, Z+7	; 0x07
    12a8:	2f 5f       	subi	r18, 0xFF	; 255
    12aa:	3f 4f       	sbci	r19, 0xFF	; 255
    12ac:	37 83       	std	Z+7, r19	; 0x07
    12ae:	26 83       	std	Z+6, r18	; 0x06
    12b0:	14 c0       	rjmp	.+40     	; 0x12da <fputc+0x6e>
    12b2:	8b 01       	movw	r16, r22
    12b4:	ec 01       	movw	r28, r24
    12b6:	fb 01       	movw	r30, r22
    12b8:	00 84       	ldd	r0, Z+8	; 0x08
    12ba:	f1 85       	ldd	r31, Z+9	; 0x09
    12bc:	e0 2d       	mov	r30, r0
    12be:	09 95       	icall
    12c0:	89 2b       	or	r24, r25
    12c2:	e1 f6       	brne	.-72     	; 0x127c <fputc+0x10>
    12c4:	d8 01       	movw	r26, r16
    12c6:	16 96       	adiw	r26, 0x06	; 6
    12c8:	8d 91       	ld	r24, X+
    12ca:	9c 91       	ld	r25, X
    12cc:	17 97       	sbiw	r26, 0x07	; 7
    12ce:	01 96       	adiw	r24, 0x01	; 1
    12d0:	17 96       	adiw	r26, 0x07	; 7
    12d2:	9c 93       	st	X, r25
    12d4:	8e 93       	st	-X, r24
    12d6:	16 97       	sbiw	r26, 0x06	; 6
    12d8:	ce 01       	movw	r24, r28
    12da:	df 91       	pop	r29
    12dc:	cf 91       	pop	r28
    12de:	1f 91       	pop	r17
    12e0:	0f 91       	pop	r16
    12e2:	08 95       	ret

000012e4 <__ultoa_invert>:
    12e4:	fa 01       	movw	r30, r20
    12e6:	aa 27       	eor	r26, r26
    12e8:	28 30       	cpi	r18, 0x08	; 8
    12ea:	51 f1       	breq	.+84     	; 0x1340 <__ultoa_invert+0x5c>
    12ec:	20 31       	cpi	r18, 0x10	; 16
    12ee:	81 f1       	breq	.+96     	; 0x1350 <__ultoa_invert+0x6c>
    12f0:	e8 94       	clt
    12f2:	6f 93       	push	r22
    12f4:	6e 7f       	andi	r22, 0xFE	; 254
    12f6:	6e 5f       	subi	r22, 0xFE	; 254
    12f8:	7f 4f       	sbci	r23, 0xFF	; 255
    12fa:	8f 4f       	sbci	r24, 0xFF	; 255
    12fc:	9f 4f       	sbci	r25, 0xFF	; 255
    12fe:	af 4f       	sbci	r26, 0xFF	; 255
    1300:	b1 e0       	ldi	r27, 0x01	; 1
    1302:	3e d0       	rcall	.+124    	; 0x1380 <__ultoa_invert+0x9c>
    1304:	b4 e0       	ldi	r27, 0x04	; 4
    1306:	3c d0       	rcall	.+120    	; 0x1380 <__ultoa_invert+0x9c>
    1308:	67 0f       	add	r22, r23
    130a:	78 1f       	adc	r23, r24
    130c:	89 1f       	adc	r24, r25
    130e:	9a 1f       	adc	r25, r26
    1310:	a1 1d       	adc	r26, r1
    1312:	68 0f       	add	r22, r24
    1314:	79 1f       	adc	r23, r25
    1316:	8a 1f       	adc	r24, r26
    1318:	91 1d       	adc	r25, r1
    131a:	a1 1d       	adc	r26, r1
    131c:	6a 0f       	add	r22, r26
    131e:	71 1d       	adc	r23, r1
    1320:	81 1d       	adc	r24, r1
    1322:	91 1d       	adc	r25, r1
    1324:	a1 1d       	adc	r26, r1
    1326:	20 d0       	rcall	.+64     	; 0x1368 <__ultoa_invert+0x84>
    1328:	09 f4       	brne	.+2      	; 0x132c <__ultoa_invert+0x48>
    132a:	68 94       	set
    132c:	3f 91       	pop	r19
    132e:	2a e0       	ldi	r18, 0x0A	; 10
    1330:	26 9f       	mul	r18, r22
    1332:	11 24       	eor	r1, r1
    1334:	30 19       	sub	r19, r0
    1336:	30 5d       	subi	r19, 0xD0	; 208
    1338:	31 93       	st	Z+, r19
    133a:	de f6       	brtc	.-74     	; 0x12f2 <__ultoa_invert+0xe>
    133c:	cf 01       	movw	r24, r30
    133e:	08 95       	ret
    1340:	46 2f       	mov	r20, r22
    1342:	47 70       	andi	r20, 0x07	; 7
    1344:	40 5d       	subi	r20, 0xD0	; 208
    1346:	41 93       	st	Z+, r20
    1348:	b3 e0       	ldi	r27, 0x03	; 3
    134a:	0f d0       	rcall	.+30     	; 0x136a <__ultoa_invert+0x86>
    134c:	c9 f7       	brne	.-14     	; 0x1340 <__ultoa_invert+0x5c>
    134e:	f6 cf       	rjmp	.-20     	; 0x133c <__ultoa_invert+0x58>
    1350:	46 2f       	mov	r20, r22
    1352:	4f 70       	andi	r20, 0x0F	; 15
    1354:	40 5d       	subi	r20, 0xD0	; 208
    1356:	4a 33       	cpi	r20, 0x3A	; 58
    1358:	18 f0       	brcs	.+6      	; 0x1360 <__ultoa_invert+0x7c>
    135a:	49 5d       	subi	r20, 0xD9	; 217
    135c:	31 fd       	sbrc	r19, 1
    135e:	40 52       	subi	r20, 0x20	; 32
    1360:	41 93       	st	Z+, r20
    1362:	02 d0       	rcall	.+4      	; 0x1368 <__ultoa_invert+0x84>
    1364:	a9 f7       	brne	.-22     	; 0x1350 <__ultoa_invert+0x6c>
    1366:	ea cf       	rjmp	.-44     	; 0x133c <__ultoa_invert+0x58>
    1368:	b4 e0       	ldi	r27, 0x04	; 4
    136a:	a6 95       	lsr	r26
    136c:	97 95       	ror	r25
    136e:	87 95       	ror	r24
    1370:	77 95       	ror	r23
    1372:	67 95       	ror	r22
    1374:	ba 95       	dec	r27
    1376:	c9 f7       	brne	.-14     	; 0x136a <__ultoa_invert+0x86>
    1378:	00 97       	sbiw	r24, 0x00	; 0
    137a:	61 05       	cpc	r22, r1
    137c:	71 05       	cpc	r23, r1
    137e:	08 95       	ret
    1380:	9b 01       	movw	r18, r22
    1382:	ac 01       	movw	r20, r24
    1384:	0a 2e       	mov	r0, r26
    1386:	06 94       	lsr	r0
    1388:	57 95       	ror	r21
    138a:	47 95       	ror	r20
    138c:	37 95       	ror	r19
    138e:	27 95       	ror	r18
    1390:	ba 95       	dec	r27
    1392:	c9 f7       	brne	.-14     	; 0x1386 <__ultoa_invert+0xa2>
    1394:	62 0f       	add	r22, r18
    1396:	73 1f       	adc	r23, r19
    1398:	84 1f       	adc	r24, r20
    139a:	95 1f       	adc	r25, r21
    139c:	a0 1d       	adc	r26, r0
    139e:	08 95       	ret

000013a0 <__prologue_saves__>:
    13a0:	2f 92       	push	r2
    13a2:	3f 92       	push	r3
    13a4:	4f 92       	push	r4
    13a6:	5f 92       	push	r5
    13a8:	6f 92       	push	r6
    13aa:	7f 92       	push	r7
    13ac:	8f 92       	push	r8
    13ae:	9f 92       	push	r9
    13b0:	af 92       	push	r10
    13b2:	bf 92       	push	r11
    13b4:	cf 92       	push	r12
    13b6:	df 92       	push	r13
    13b8:	ef 92       	push	r14
    13ba:	ff 92       	push	r15
    13bc:	0f 93       	push	r16
    13be:	1f 93       	push	r17
    13c0:	cf 93       	push	r28
    13c2:	df 93       	push	r29
    13c4:	cd b7       	in	r28, 0x3d	; 61
    13c6:	de b7       	in	r29, 0x3e	; 62
    13c8:	ca 1b       	sub	r28, r26
    13ca:	db 0b       	sbc	r29, r27
    13cc:	0f b6       	in	r0, 0x3f	; 63
    13ce:	f8 94       	cli
    13d0:	de bf       	out	0x3e, r29	; 62
    13d2:	0f be       	out	0x3f, r0	; 63
    13d4:	cd bf       	out	0x3d, r28	; 61
    13d6:	09 94       	ijmp

000013d8 <__epilogue_restores__>:
    13d8:	2a 88       	ldd	r2, Y+18	; 0x12
    13da:	39 88       	ldd	r3, Y+17	; 0x11
    13dc:	48 88       	ldd	r4, Y+16	; 0x10
    13de:	5f 84       	ldd	r5, Y+15	; 0x0f
    13e0:	6e 84       	ldd	r6, Y+14	; 0x0e
    13e2:	7d 84       	ldd	r7, Y+13	; 0x0d
    13e4:	8c 84       	ldd	r8, Y+12	; 0x0c
    13e6:	9b 84       	ldd	r9, Y+11	; 0x0b
    13e8:	aa 84       	ldd	r10, Y+10	; 0x0a
    13ea:	b9 84       	ldd	r11, Y+9	; 0x09
    13ec:	c8 84       	ldd	r12, Y+8	; 0x08
    13ee:	df 80       	ldd	r13, Y+7	; 0x07
    13f0:	ee 80       	ldd	r14, Y+6	; 0x06
    13f2:	fd 80       	ldd	r15, Y+5	; 0x05
    13f4:	0c 81       	ldd	r16, Y+4	; 0x04
    13f6:	1b 81       	ldd	r17, Y+3	; 0x03
    13f8:	aa 81       	ldd	r26, Y+2	; 0x02
    13fa:	b9 81       	ldd	r27, Y+1	; 0x01
    13fc:	ce 0f       	add	r28, r30
    13fe:	d1 1d       	adc	r29, r1
    1400:	0f b6       	in	r0, 0x3f	; 63
    1402:	f8 94       	cli
    1404:	de bf       	out	0x3e, r29	; 62
    1406:	0f be       	out	0x3f, r0	; 63
    1408:	cd bf       	out	0x3d, r28	; 61
    140a:	ed 01       	movw	r28, r26
    140c:	08 95       	ret

0000140e <_exit>:
    140e:	f8 94       	cli

00001410 <__stop_program>:
    1410:	ff cf       	rjmp	.-2      	; 0x1410 <__stop_program>
